[2026-03-01 10:26:41] Launcher main entry.
[2026-03-01 10:26:42] Program icon applied from tray icon source: C:\Users\dudfh\AppData\Local\Temp\_MEI293482\image\login_page\logo2.png
[2026-03-01 10:26:42] Update info: url=https://raw.githubusercontent.com/LeviCrypto99/lts/main/version.json local=2.1.5 required=2.1.5
[2026-03-01 10:26:42] Preflight OK.
[2026-03-01 11:38:20] Launcher main entry.
[2026-03-01 11:38:21] Program icon applied from tray icon source: C:\Users\dudfh\AppData\Local\Temp\_MEI273442\image\login_page\logo2.png
[2026-03-01 11:38:21] Update info: url=https://raw.githubusercontent.com/LeviCrypto99/lts/main/version.json local=2.1.6 required=2.1.5
[2026-03-01 11:38:21] Preflight OK.
[2026-03-01 22:52:18] Launcher main entry.
[2026-03-01 22:52:18] Program icon applied from tray icon source: C:\Users\dudfh\AppData\Local\Temp\_MEI209242\image\login_page\logo2.png
[2026-03-01 22:52:19] Update info: url=https://raw.githubusercontent.com/LeviCrypto99/lts/main/version.json local=2.1.7 required=2.1.5
[2026-03-01 22:52:19] Preflight OK.
[2026-03-02 07:35:40] Launcher main entry.
[2026-03-02 07:35:41] Program icon applied from tray icon source: C:\Users\dudfh\AppData\Local\Temp\_MEI195362\image\login_page\logo2.png
[2026-03-02 07:35:41] Update info: url=https://raw.githubusercontent.com/LeviCrypto99/lts/main/version.json local=2.1.8 required=2.1.8
[2026-03-02 07:35:41] Preflight OK.
[2026-03-03 04:16:04] Launcher main entry.
[2026-03-03 04:16:04] Program icon applied from tray icon source: C:\Users\dudfh\AppData\Local\Temp\_MEI339522\image\login_page\logo2.png
[2026-03-03 04:16:04] Update info: url=https://raw.githubusercontent.com/LeviCrypto99/lts/main/version.json local=3.0.0 required=2.1.8
[2026-03-03 04:16:04] Preflight OK.
[2026-03-06 13:40:14] Launcher main entry.
[2026-03-06 13:40:14] Program icon applied from tray icon source: C:\Users\dudfh\AppData\Local\Temp\_MEI165842\image\login_page\logo2.png
[2026-03-06 13:40:15] Update info: url=https://raw.githubusercontent.com/LeviCrypto99/lts/main/version.json local=3.0.1 required=3.0.1
[2026-03-06 13:40:15] Preflight OK.
[2026-03-10 12:31:50] Launcher main entry.
[2026-03-10 12:31:51] Program icon applied from tray icon source: C:\Users\dudfh\PycharmProjects\LeviaAutoTradeSystem\image\login_page\logo2.png
[2026-03-10 12:31:51] Update info: url=https://raw.githubusercontent.com/LeviCrypto99/lts/main/version.json local=3.0.1 required=3.0.1
[2026-03-10 12:31:51] Preflight OK.
[2026-03-10 13:12:21] Launcher main entry.
[2026-03-10 13:12:21] Program icon applied from tray icon source: C:\Users\dudfh\PycharmProjects\LeviaAutoTradeSystem\image\login_page\logo2.png
[2026-03-10 13:12:22] Update info: url=https://raw.githubusercontent.com/LeviCrypto99/lts/main/version.json local=3.0.1 required=3.0.1
[2026-03-10 13:12:22] Preflight OK.
[2026-03-10 13:18:13] Launcher main entry.
[2026-03-10 13:18:13] Program icon applied from tray icon source: C:\Users\dudfh\PycharmProjects\LeviaAutoTradeSystem\image\login_page\logo2.png
[2026-03-10 13:18:14] Update info: url=https://raw.githubusercontent.com/LeviCrypto99/lts/main/version.json local=3.0.1 required=3.0.1
[2026-03-10 13:18:14] Preflight OK.
[2026-03-10 13:22:19] Launcher main entry.
[2026-03-10 13:22:19] Program icon applied from tray icon source: C:\Users\dudfh\PycharmProjects\LeviaAutoTradeSystem\image\login_page\logo2.png
[2026-03-10 13:22:20] Update info: url=https://raw.githubusercontent.com/LeviCrypto99/lts/main/version.json local=3.0.1 required=3.0.1
[2026-03-10 13:22:20] Preflight OK.
[2026-03-10 13:25:38] Launcher main entry.
[2026-03-10 13:25:38] Program icon applied from tray icon source: C:\Users\dudfh\PycharmProjects\LeviaAutoTradeSystem\image\login_page\logo2.png
[2026-03-10 13:25:39] Update info: url=https://raw.githubusercontent.com/LeviCrypto99/lts/main/version.json local=3.0.1 required=3.0.1
[2026-03-10 13:25:39] Preflight OK.
[2026-03-10 13:26:02] Launcher main entry.
[2026-03-10 13:26:02] Program icon applied from tray icon source: C:\Users\dudfh\PycharmProjects\LeviaAutoTradeSystem\image\login_page\logo2.png
[2026-03-10 13:26:02] Update info: url=https://raw.githubusercontent.com/LeviCrypto99/lts/main/version.json local=3.0.1 required=3.0.1
[2026-03-10 13:26:02] Preflight OK.
[2026-03-10 15:46:38] Launcher main entry.
[2026-03-10 15:46:39] Program icon applied from tray icon source: C:\Users\dudfh\PycharmProjects\LeviaAutoTradeSystem\image\login_page\logo2.png
[2026-03-10 15:46:39] Update info: url=https://raw.githubusercontent.com/LeviCrypto99/lts/main/version.json local=3.0.1 required=3.0.1
[2026-03-10 15:46:39] Preflight OK.
[2026-03-10 16:16:43] Launcher main entry.
[2026-03-10 16:16:43] Program icon applied from tray icon source: C:\Users\dudfh\PycharmProjects\LeviaAutoTradeSystem\image\login_page\logo2.png
[2026-03-10 16:16:44] Update info: url=https://raw.githubusercontent.com/LeviCrypto99/lts/main/version.json local=3.0.1 required=3.0.1
[2026-03-10 16:16:44] Preflight OK.
[2026-03-11 10:21:33] Launcher main entry.
[2026-03-11 10:21:34] Program icon applied from tray icon source: C:\Users\dudfh\PycharmProjects\LeviaAutoTradeSystem\image\login_page\logo2.png
[2026-03-11 10:21:34] Update info: url=https://raw.githubusercontent.com/LeviCrypto99/lts/main/version.json local=3.0.1 required=3.0.1
[2026-03-11 10:21:34] Preflight OK.
[2026-03-11 11:15:38] Launcher main entry.
[2026-03-11 11:15:39] Program icon applied from tray icon source: C:\Users\dudfh\PycharmProjects\LeviaAutoTradeSystem\image\login_page\logo2.png
[2026-03-11 11:15:39] Update info: url=https://raw.githubusercontent.com/LeviCrypto99/lts/main/version.json local=3.0.1 required=3.0.1
[2026-03-11 11:15:39] Preflight OK.
[2026-03-11 11:40:46] Launcher main entry.
[2026-03-11 11:40:46] Program icon applied from tray icon source: C:\Users\dudfh\PycharmProjects\LeviaAutoTradeSystem\image\login_page\logo2.png
[2026-03-11 11:40:47] Update info: url=https://raw.githubusercontent.com/LeviCrypto99/lts/main/version.json local=3.0.1 required=3.0.1
[2026-03-11 11:40:47] Preflight OK.
[2026-03-11 11:54:58] Launcher main entry.
[2026-03-11 11:54:58] Program icon applied from tray icon source: C:\Users\dudfh\PycharmProjects\LeviaAutoTradeSystem\image\login_page\logo2.png
[2026-03-11 11:54:58] Update info: url=https://raw.githubusercontent.com/LeviCrypto99/lts/main/version.json local=3.0.1 required=3.0.1
[2026-03-11 11:54:58] Preflight OK.
[2026-03-11 12:07:52] Launcher main entry.
[2026-03-11 12:07:52] Program icon applied from tray icon source: C:\Users\dudfh\PycharmProjects\LeviaAutoTradeSystem\image\login_page\logo2.png
[2026-03-11 12:07:52] Update info: url=https://raw.githubusercontent.com/LeviCrypto99/lts/main/version.json local=3.0.1 required=3.0.1
[2026-03-11 12:07:52] Preflight OK.
[2026-03-11 12:30:19] Launcher main entry.
[2026-03-11 12:30:20] Program icon applied from tray icon source: C:\Users\dudfh\PycharmProjects\LeviaAutoTradeSystem\image\login_page\logo2.png
[2026-03-11 12:30:20] Update info: url=https://raw.githubusercontent.com/LeviCrypto99/lts/main/version.json local=3.0.1 required=3.0.1
[2026-03-11 12:30:20] Preflight OK.
[2026-03-11 12:40:52] Launcher main entry.
[2026-03-11 12:40:53] Program icon applied from tray icon source: C:\Users\dudfh\PycharmProjects\LeviaAutoTradeSystem\image\login_page\logo2.png
[2026-03-11 12:40:53] Update info: url=https://raw.githubusercontent.com/LeviCrypto99/lts/main/version.json local=3.0.1 required=3.0.1
[2026-03-11 12:40:53] Preflight OK.
[2026-03-11 12:52:37] Launcher main entry.
[2026-03-11 12:52:37] Program icon applied from tray icon source: C:\Users\dudfh\PycharmProjects\LeviaAutoTradeSystem\image\login_page\logo2.png
[2026-03-11 12:52:37] Update info: url=https://raw.githubusercontent.com/LeviCrypto99/lts/main/version.json local=3.0.1 required=3.0.1
[2026-03-11 12:52:37] Preflight OK.
[2026-03-11 12:57:41] Launcher main entry.
[2026-03-11 12:57:41] Program icon applied from tray icon source: C:\Users\dudfh\PycharmProjects\LeviaAutoTradeSystem\image\login_page\logo2.png
[2026-03-11 12:57:42] Update info: url=https://raw.githubusercontent.com/LeviCrypto99/lts/main/version.json local=3.0.1 required=3.0.1
[2026-03-11 12:57:42] Preflight OK.
[2026-03-11 13:04:10] Launcher main entry.
[2026-03-11 13:04:10] Program icon applied from tray icon source: C:\Users\dudfh\PycharmProjects\LeviaAutoTradeSystem\image\login_page\logo2.png
[2026-03-11 13:04:10] Update info: url=https://raw.githubusercontent.com/LeviCrypto99/lts/main/version.json local=3.0.1 required=3.0.1
[2026-03-11 13:04:10] Preflight OK.
[2026-03-11 13:04:34] Launcher main entry.
[2026-03-11 13:04:34] Program icon applied from tray icon source: C:\Users\dudfh\PycharmProjects\LeviaAutoTradeSystem\image\login_page\logo2.png
[2026-03-11 13:04:34] Update info: url=https://raw.githubusercontent.com/LeviCrypto99/lts/main/version.json local=3.0.1 required=3.0.1
[2026-03-11 13:04:34] Preflight OK.
[2026-03-11 13:36:32] Launcher main entry.
[2026-03-11 13:36:33] Program icon applied from tray icon source: C:\Users\dudfh\PycharmProjects\LeviaAutoTradeSystem\image\login_page\logo2.png
[2026-03-11 13:36:33] Update info: url=https://raw.githubusercontent.com/LeviCrypto99/lts/main/version.json local=3.0.1 required=3.0.1
[2026-03-11 13:36:33] Preflight OK.
[2026-03-11 13:38:08] Launcher main entry.
[2026-03-11 13:38:08] Program icon applied from tray icon source: C:\Users\dudfh\PycharmProjects\LeviaAutoTradeSystem\image\login_page\logo2.png
[2026-03-11 13:38:09] Update info: url=https://raw.githubusercontent.com/LeviCrypto99/lts/main/version.json local=3.0.1 required=3.0.1
[2026-03-11 13:38:09] Preflight OK.
[2026-03-12 00:58:21] Launcher main entry.
[2026-03-12 00:58:21] Program icon applied from tray icon source: C:\Users\dudfh\PycharmProjects\LeviaAutoTradeSystem\image\login_page\logo2.png
[2026-03-12 00:58:22] Update info: url=https://raw.githubusercontent.com/LeviCrypto99/lts/main/version.json local=3.0.1 required=3.0.1
[2026-03-12 00:58:22] Preflight OK.
[2026-03-12 01:02:10] Launcher main entry.
[2026-03-12 01:02:11] Program icon applied from tray icon source: C:\Users\dudfh\PycharmProjects\LeviaAutoTradeSystem\image\login_page\logo2.png
[2026-03-12 01:02:11] Update info: url=https://raw.githubusercontent.com/LeviCrypto99/lts/main/version.json local=3.0.1 required=3.0.1
[2026-03-12 01:02:11] Preflight OK.
[2026-03-12 01:29:45] Launcher main entry.
[2026-03-12 01:29:46] Program icon applied from tray icon source: C:\Users\dudfh\PycharmProjects\LeviaAutoTradeSystem\image\login_page\logo2.png
[2026-03-12 01:29:46] Update info: url=https://raw.githubusercontent.com/LeviCrypto99/lts/main/version.json local=3.0.1 required=3.0.1
[2026-03-12 01:29:46] Preflight OK.
[2026-03-12 01:34:50] Launcher main entry.
[2026-03-12 01:34:50] Program icon applied from tray icon source: C:\Users\dudfh\PycharmProjects\LeviaAutoTradeSystem\image\login_page\logo2.png
[2026-03-12 01:34:50] Update info: url=https://raw.githubusercontent.com/LeviCrypto99/lts/main/version.json local=3.0.1 required=3.0.1
[2026-03-12 01:34:50] Preflight OK.
[2026-03-12 01:37:41] Launcher main entry.
[2026-03-12 01:37:41] Program icon applied from tray icon source: C:\Users\dudfh\PycharmProjects\LeviaAutoTradeSystem\image\login_page\logo2.png
[2026-03-12 01:37:42] Update info: url=https://raw.githubusercontent.com/LeviCrypto99/lts/main/version.json local=3.0.1 required=3.0.1
[2026-03-12 01:37:42] Preflight OK.
[2026-03-12 01:42:42] Launcher main entry.
[2026-03-12 01:42:43] Program icon applied from tray icon source: C:\Users\dudfh\PycharmProjects\LeviaAutoTradeSystem\image\login_page\logo2.png
[2026-03-12 01:42:43] Update info: url=https://raw.githubusercontent.com/LeviCrypto99/lts/main/version.json local=3.0.1 required=3.0.1
[2026-03-12 01:42:43] Preflight OK.
[2026-03-12 01:43:31] Launcher main entry.
[2026-03-12 01:43:31] Program icon applied from tray icon source: C:\Users\dudfh\PycharmProjects\LeviaAutoTradeSystem\image\login_page\logo2.png
[2026-03-12 01:43:31] Update info: url=https://raw.githubusercontent.com/LeviCrypto99/lts/main/version.json local=3.0.1 required=3.0.1
[2026-03-12 01:43:31] Preflight OK.
[2026-03-12 01:46:11] Launcher main entry.
[2026-03-12 01:46:12] Program icon applied from tray icon source: C:\Users\dudfh\PycharmProjects\LeviaAutoTradeSystem\image\login_page\logo2.png
[2026-03-12 01:46:12] Update info: url=https://raw.githubusercontent.com/LeviCrypto99/lts/main/version.json local=3.0.1 required=3.0.1
[2026-03-12 01:46:12] Preflight OK.
[2026-03-12 01:47:50] Launcher main entry.
[2026-03-12 01:47:51] Program icon applied from tray icon source: C:\Users\dudfh\PycharmProjects\LeviaAutoTradeSystem\image\login_page\logo2.png
[2026-03-12 01:47:51] Update info: url=https://raw.githubusercontent.com/LeviCrypto99/lts/main/version.json local=3.0.1 required=3.0.1
[2026-03-12 01:47:51] Preflight OK.
[2026-03-12 04:38:30] Launcher main entry.
[2026-03-12 04:38:30] Program icon applied from tray icon source: C:\Users\dudfh\PycharmProjects\LeviaAutoTradeSystem\image\login_page\logo2.png
[2026-03-12 04:38:31] Update info: url=https://raw.githubusercontent.com/LeviCrypto99/lts/main/version.json local=3.0.1 required=3.0.1
[2026-03-12 04:38:31] Preflight OK.
[2026-03-12 07:49:52] Launcher main entry.
[2026-03-12 07:49:52] Program icon applied from tray icon source: C:\Users\dudfh\PycharmProjects\LeviaAutoTradeSystem\image\login_page\logo2.png
[2026-03-12 07:49:52] Update info: url=https://raw.githubusercontent.com/LeviCrypto99/lts/main/version.json local=3.0.1 required=3.0.1
[2026-03-12 07:49:52] Preflight OK.
[2026-03-12 07:58:05] Launcher main entry.
[2026-03-12 07:58:06] Program icon applied from tray icon source: C:\Users\dudfh\PycharmProjects\LeviaAutoTradeSystem\image\login_page\logo2.png
[2026-03-12 07:58:06] Update info: url=https://raw.githubusercontent.com/LeviCrypto99/lts/main/version.json local=3.0.1 required=3.0.1
[2026-03-12 07:58:06] Preflight OK.
[2026-03-12 08:02:06] Launcher main entry.
[2026-03-12 08:02:06] Program icon applied from tray icon source: C:\Users\dudfh\PycharmProjects\LeviaAutoTradeSystem\image\login_page\logo2.png
[2026-03-12 08:02:06] Update info: url=https://raw.githubusercontent.com/LeviCrypto99/lts/main/version.json local=3.0.1 required=3.0.1
[2026-03-12 08:02:06] Preflight OK.
[2026-03-12 08:04:42] Launcher main entry.
[2026-03-12 08:04:43] Program icon applied from tray icon source: C:\Users\dudfh\PycharmProjects\LeviaAutoTradeSystem\image\login_page\logo2.png
[2026-03-12 08:04:43] Update info: url=https://raw.githubusercontent.com/LeviCrypto99/lts/main/version.json local=3.0.1 required=3.0.1
[2026-03-12 08:04:43] Preflight OK.
[2026-03-12 11:35:57] Launcher main entry.
[2026-03-12 11:35:57] Program icon applied from tray icon source: C:\Users\dudfh\PycharmProjects\LeviaAutoTradeSystem\image\login_page\logo2.png
[2026-03-12 11:35:58] Update info: url=https://raw.githubusercontent.com/LeviCrypto99/lts/main/version.json local=3.0.1 required=3.0.1
[2026-03-12 11:35:58] Preflight OK.
[2026-03-12 11:37:32] Launcher main entry.
[2026-03-12 11:37:33] Program icon applied from tray icon source: C:\Users\dudfh\PycharmProjects\LeviaAutoTradeSystem\image\login_page\logo2.png
[2026-03-12 11:37:33] Update info: url=https://raw.githubusercontent.com/LeviCrypto99/lts/main/version.json local=3.0.1 required=3.0.1
[2026-03-12 11:37:33] Preflight OK.
[2026-03-12 13:33:26] Launcher main entry.
[2026-03-12 13:33:26] Program icon applied from tray icon source: C:\Users\dudfh\PycharmProjects\LeviaAutoTradeSystem\image\login_page\logo2.png
[2026-03-12 13:33:27] Update info: url=https://raw.githubusercontent.com/LeviCrypto99/lts/main/version.json local=3.0.1 required=3.0.1
[2026-03-12 13:33:27] Preflight OK.
[2026-03-12 14:10:01] Launcher main entry.
[2026-03-12 14:10:01] Program icon applied from tray icon source: C:\Users\dudfh\PycharmProjects\LeviaAutoTradeSystem\image\login_page\logo2.png
[2026-03-12 14:10:02] Update info: url=https://raw.githubusercontent.com/LeviCrypto99/lts/main/version.json local=3.0.1 required=3.0.1
[2026-03-12 14:10:02] Preflight OK.
[2026-03-12 14:14:31] Launcher main entry.
[2026-03-12 14:14:31] Program icon applied from tray icon source: C:\Users\dudfh\PycharmProjects\LeviaAutoTradeSystem\image\login_page\logo2.png
[2026-03-12 14:14:31] Update info: url=https://raw.githubusercontent.com/LeviCrypto99/lts/main/version.json local=3.0.1 required=3.0.1
[2026-03-12 14:14:31] Preflight OK.
[2026-03-12 14:47:10] Launcher main entry.
[2026-03-12 14:47:10] Program icon applied from tray icon source: C:\Users\dudfh\PycharmProjects\LeviaAutoTradeSystem\image\login_page\logo2.png
[2026-03-12 14:47:11] Update info: url=https://raw.githubusercontent.com/LeviCrypto99/lts/main/version.json local=3.0.1 required=3.0.1
[2026-03-12 14:47:11] Preflight OK.
[2026-03-12 15:28:37] Launcher main entry.
[2026-03-12 15:28:37] Program icon applied from tray icon source: C:\Users\dudfh\PycharmProjects\LeviaAutoTradeSystem\image\login_page\logo2.png
[2026-03-12 15:28:38] Update info: url=https://raw.githubusercontent.com/LeviCrypto99/lts/main/version.json local=3.0.1 required=3.0.1
[2026-03-12 15:28:38] Preflight OK.
[2026-03-12 15:32:53] Launcher main entry.
[2026-03-12 15:32:53] Program icon applied from tray icon source: C:\Users\dudfh\PycharmProjects\LeviaAutoTradeSystem\image\login_page\logo2.png
[2026-03-12 15:32:54] Update info: url=https://raw.githubusercontent.com/LeviCrypto99/lts/main/version.json local=3.0.1 required=3.0.1
[2026-03-12 15:32:54] Preflight OK.
[2026-03-12 15:36:49] Launcher main entry.
[2026-03-12 15:36:49] Program icon applied from tray icon source: C:\Users\dudfh\PycharmProjects\LeviaAutoTradeSystem\image\login_page\logo2.png
[2026-03-12 15:36:50] Update info: url=https://raw.githubusercontent.com/LeviCrypto99/lts/main/version.json local=3.0.1 required=3.0.1
[2026-03-12 15:36:50] Preflight OK.
[2026-03-13 02:06:49] Launcher main entry.
[2026-03-13 02:06:50] Program icon applied from tray icon source: C:\Users\dudfh\PycharmProjects\LeviaAutoTradeSystem\image\login_page\logo2.png
[2026-03-13 02:06:50] Update info: url=https://raw.githubusercontent.com/LeviCrypto99/lts/main/version.json local=3.0.1 required=3.0.1
[2026-03-13 02:06:50] Preflight OK.
[2026-03-13 02:15:04] Launcher main entry.
[2026-03-13 02:15:04] Program icon applied from tray icon source: C:\Users\dudfh\PycharmProjects\LeviaAutoTradeSystem\image\login_page\logo2.png
[2026-03-13 02:15:05] Update info: url=https://raw.githubusercontent.com/LeviCrypto99/lts/main/version.json local=3.0.1 required=3.0.1
[2026-03-13 02:15:05] Preflight OK.
[2026-03-13 02:16:59] Launcher main entry.
[2026-03-13 02:17:00] Program icon applied from tray icon source: C:\Users\dudfh\PycharmProjects\LeviaAutoTradeSystem\image\login_page\logo2.png
[2026-03-13 02:17:00] Update info: url=https://raw.githubusercontent.com/LeviCrypto99/lts/main/version.json local=3.0.1 required=3.0.1
[2026-03-13 02:17:00] Preflight OK.
[2026-03-13 04:26:05] Launcher main entry.
[2026-03-13 04:26:05] Program icon applied from tray icon source: C:\Users\dudfh\PycharmProjects\LeviaAutoTradeSystem\image\login_page\logo2.png
[2026-03-13 04:26:05] Update info: url=https://raw.githubusercontent.com/LeviCrypto99/lts/main/version.json local=3.0.1 required=3.0.1
[2026-03-13 04:26:05] Preflight OK.
[2026-03-13 11:12:14] Launcher main entry.
[2026-03-13 11:12:14] Program icon applied from tray icon source: C:\Users\dudfh\PycharmProjects\LeviaAutoTradeSystem\image\login_page\logo2.png
[2026-03-13 11:12:15] Update info: url=https://raw.githubusercontent.com/LeviCrypto99/lts/main/version.json local=3.0.1 required=3.0.1
[2026-03-13 11:12:15] Preflight OK.
[2026-03-13 11:17:28] Launcher main entry.
[2026-03-13 11:17:28] Program icon applied from tray icon source: C:\Users\dudfh\PycharmProjects\LeviaAutoTradeSystem\image\login_page\logo2.png
[2026-03-13 11:17:28] Update info: url=https://raw.githubusercontent.com/LeviCrypto99/lts/main/version.json local=3.0.1 required=3.0.1
[2026-03-13 11:17:28] Preflight OK.
[2026-03-13 11:22:22] Launcher main entry.
[2026-03-13 11:22:22] Program icon applied from tray icon source: C:\Users\dudfh\PycharmProjects\LeviaAutoTradeSystem\image\login_page\logo2.png
[2026-03-13 11:22:22] Update info: url=https://raw.githubusercontent.com/LeviCrypto99/lts/main/version.json local=3.0.1 required=3.0.1
[2026-03-13 11:22:22] Preflight OK.
[2026-03-13 11:24:50] Launcher main entry.
[2026-03-13 11:24:51] Program icon applied from tray icon source: C:\Users\dudfh\PycharmProjects\LeviaAutoTradeSystem\image\login_page\logo2.png
[2026-03-13 11:24:51] Update info: url=https://raw.githubusercontent.com/LeviCrypto99/lts/main/version.json local=3.0.1 required=3.0.1
[2026-03-13 11:24:51] Preflight OK.
[2026-03-13 11:29:34] Launcher main entry.
[2026-03-13 11:29:35] Program icon applied from tray icon source: C:\Users\dudfh\PycharmProjects\LeviaAutoTradeSystem\image\login_page\logo2.png
[2026-03-13 11:29:35] Update info: url=https://raw.githubusercontent.com/LeviCrypto99/lts/main/version.json local=3.0.1 required=3.0.1
[2026-03-13 11:29:35] Preflight OK.
[2026-03-13 11:34:46] Launcher main entry.
[2026-03-13 11:34:46] Program icon applied from tray icon source: C:\Users\dudfh\PycharmProjects\LeviaAutoTradeSystem\image\login_page\logo2.png
[2026-03-13 11:34:47] Update info: url=https://raw.githubusercontent.com/LeviCrypto99/lts/main/version.json local=3.0.1 required=3.0.1
[2026-03-13 11:34:47] Preflight OK.
[2026-03-13 11:37:21] Launcher main entry.
[2026-03-13 11:37:22] Program icon applied from tray icon source: C:\Users\dudfh\PycharmProjects\LeviaAutoTradeSystem\image\login_page\logo2.png
[2026-03-13 11:37:22] Update info: url=https://raw.githubusercontent.com/LeviCrypto99/lts/main/version.json local=3.0.1 required=3.0.1
[2026-03-13 11:37:22] Preflight OK.
[2026-03-13 12:39:08] Launcher main entry.
[2026-03-13 12:39:08] Program icon applied from tray icon source: C:\Users\dudfh\PycharmProjects\LeviaAutoTradeSystem\image\login_page\logo2.png
[2026-03-13 12:39:09] Update info: url=https://raw.githubusercontent.com/LeviCrypto99/lts/main/version.json local=3.0.1 required=3.0.1
[2026-03-13 12:39:09] Preflight OK.
[2026-03-13 12:50:01] Launcher main entry.
[2026-03-13 12:50:01] Program icon applied from tray icon source: C:\Users\dudfh\PycharmProjects\LeviaAutoTradeSystem\image\login_page\logo2.png
[2026-03-13 12:50:01] Update info: url=https://raw.githubusercontent.com/LeviCrypto99/lts/main/version.json local=3.0.1 required=3.0.1
[2026-03-13 12:50:01] Preflight OK.
[2026-03-13 12:54:06] Launcher main entry.
[2026-03-13 12:54:06] Program icon applied from tray icon source: C:\Users\dudfh\PycharmProjects\LeviaAutoTradeSystem\image\login_page\logo2.png
[2026-03-13 12:54:06] Update info: url=https://raw.githubusercontent.com/LeviCrypto99/lts/main/version.json local=3.0.1 required=3.0.1
[2026-03-13 12:54:06] Preflight OK.
[2026-03-13 19:43:12] Launcher main entry.
[2026-03-13 19:43:12] Program icon applied from tray icon source: C:\Users\dudfh\PycharmProjects\LeviaAutoTradeSystem\image\login_page\logo2.png
[2026-03-13 19:43:13] Update info: url=https://raw.githubusercontent.com/LeviCrypto99/lts/main/version.json local=4.0.0 required=4.0.0
[2026-03-13 19:43:13] Preflight OK.
[2026-03-13 21:12:16] Launcher main entry.
[2026-03-13 21:12:17] Program icon applied from tray icon source: C:\Users\dudfh\PycharmProjects\LeviaAutoTradeSystem\image\login_page\logo2.png
[2026-03-13 21:12:17] Update info: url=https://raw.githubusercontent.com/LeviCrypto99/lts/main/version.json local=4.0.0 required=4.0.0
[2026-03-13 21:12:17] Preflight OK.
[2026-03-13 21:15:12] Launcher main entry.
[2026-03-13 21:15:12] Program icon applied from tray icon source: C:\Users\dudfh\PycharmProjects\LeviaAutoTradeSystem\image\login_page\logo2.png
[2026-03-13 21:15:12] Update info: url=https://raw.githubusercontent.com/LeviCrypto99/lts/main/version.json local=4.0.0 required=4.0.0
[2026-03-13 21:15:12] Preflight OK.
[2026-03-13 21:51:03] Launcher main entry.
[2026-03-13 21:51:03] Program icon applied from tray icon source: C:\Users\dudfh\PycharmProjects\LeviaAutoTradeSystem\image\login_page\logo2.png
[2026-03-13 21:51:04] Update info: url=https://raw.githubusercontent.com/LeviCrypto99/lts/main/version.json local=4.0.0 required=4.0.0
[2026-03-13 21:51:04] Preflight OK.
[2026-03-13 22:08:09] Launcher main entry.
[2026-03-13 22:08:09] Program icon applied from tray icon source: C:\Users\dudfh\PycharmProjects\LeviaAutoTradeSystem\image\login_page\logo2.png
[2026-03-13 22:08:09] Update info: url=https://raw.githubusercontent.com/LeviCrypto99/lts/main/version.json local=4.0.0 required=4.0.0
[2026-03-13 22:08:09] Preflight OK.
[2026-03-13 22:08:49] Launcher main entry.
[2026-03-13 22:08:50] Program icon applied from tray icon source: C:\Users\dudfh\PycharmProjects\LeviaAutoTradeSystem\image\login_page\logo2.png
[2026-03-13 22:08:50] Update info: url=https://raw.githubusercontent.com/LeviCrypto99/lts/main/version.json local=4.0.0 required=4.0.0
[2026-03-13 22:08:50] Preflight OK.
[2026-03-14 14:27:37] Launcher main entry.
[2026-03-14 14:27:38] Program icon applied from tray icon source: C:\Users\dudfh\PycharmProjects\LeviaAutoTradeSystem\image\login_page\logo2.png
[2026-03-14 14:27:38] Update info: url=https://raw.githubusercontent.com/LeviCrypto99/lts/main/version.json local=4.0.0 required=4.0.0
[2026-03-14 14:27:38] Preflight OK.
[2026-03-14 15:10:36] Launcher main entry.
[2026-03-14 15:10:36] Program icon applied from tray icon source: C:\Users\dudfh\PycharmProjects\LeviaAutoTradeSystem\image\login_page\logo2.png
[2026-03-14 15:10:37] Update info: url=https://raw.githubusercontent.com/LeviCrypto99/lts/main/version.json local=4.0.0 required=4.0.0
[2026-03-14 15:10:37] Preflight OK.
[2026-03-14 15:28:53] Launcher main entry.
[2026-03-14 15:28:53] Program icon applied from tray icon source: C:\Users\dudfh\PycharmProjects\LeviaAutoTradeSystem\image\login_page\logo2.png
[2026-03-14 15:28:54] Update info: url=https://raw.githubusercontent.com/LeviCrypto99/lts/main/version.json local=4.0.0 required=4.0.0
[2026-03-14 15:28:54] Preflight OK.
[2026-03-14 15:35:09] Launcher main entry.
[2026-03-14 15:35:10] Program icon applied from tray icon source: C:\Users\dudfh\PycharmProjects\LeviaAutoTradeSystem\image\login_page\logo2.png
[2026-03-14 15:35:10] Update info: url=https://raw.githubusercontent.com/LeviCrypto99/lts/main/version.json local=4.0.0 required=4.0.0
[2026-03-14 15:35:10] Preflight OK.
[2026-03-14 15:40:57] Launcher main entry.
[2026-03-14 15:40:58] Program icon applied from tray icon source: C:\Users\dudfh\PycharmProjects\LeviaAutoTradeSystem\image\login_page\logo2.png
[2026-03-14 15:40:58] Update info: url=https://raw.githubusercontent.com/LeviCrypto99/lts/main/version.json local=4.0.0 required=4.0.0
[2026-03-14 15:40:58] Preflight OK.
[2026-03-15 06:54:01] Launcher main entry.
[2026-03-15 06:54:01] Program icon applied from tray icon source: C:\Users\dudfh\PycharmProjects\LeviaAutoTradeSystem\image\login_page\logo2.png
[2026-03-15 06:54:01] Update info: url=https://raw.githubusercontent.com/LeviCrypto99/lts/main/version.json local=4.0.0 required=4.0.0
[2026-03-15 06:54:01] Preflight OK.
[2026-03-15 11:58:40] Launcher main entry.
[2026-03-15 11:58:40] Program icon applied from tray icon source: C:\Users\dudfh\PycharmProjects\LeviaAutoTradeSystem\image\login_page\logo2.png
[2026-03-15 11:58:40] Update info: url=https://raw.githubusercontent.com/LeviCrypto99/lts/main/version.json local=4.0.0 required=4.0.0
[2026-03-15 11:58:40] Preflight OK.
[2026-03-15 12:06:57] Launcher main entry.
[2026-03-15 12:06:57] Program icon applied from tray icon source: C:\Users\dudfh\PycharmProjects\LeviaAutoTradeSystem\image\login_page\logo2.png
[2026-03-15 12:06:57] Update info: url=https://raw.githubusercontent.com/LeviCrypto99/lts/main/version.json local=4.0.0 required=4.0.0
[2026-03-15 12:06:57] Preflight OK.
[2026-03-15 12:10:53] Launcher main entry.
[2026-03-15 12:10:53] Program icon applied from tray icon source: C:\Users\dudfh\PycharmProjects\LeviaAutoTradeSystem\image\login_page\logo2.png
[2026-03-15 12:10:53] Update info: url=https://raw.githubusercontent.com/LeviCrypto99/lts/main/version.json local=4.0.0 required=4.0.0
[2026-03-15 12:10:53] Preflight OK.
[2026-03-15 12:17:14] Launcher main entry.
[2026-03-15 12:17:14] Program icon applied from tray icon source: C:\Users\dudfh\PycharmProjects\LeviaAutoTradeSystem\image\login_page\logo2.png
[2026-03-15 12:17:14] Update info: url=https://raw.githubusercontent.com/LeviCrypto99/lts/main/version.json local=4.0.0 required=4.0.0
[2026-03-15 12:17:14] Preflight OK.
[2026-03-15 13:26:57] Launcher main entry.
[2026-03-15 13:26:57] Program icon applied from tray icon source: C:\Users\dudfh\PycharmProjects\LeviaAutoTradeSystem\image\login_page\logo2.png
[2026-03-15 13:26:57] Update info: url=https://raw.githubusercontent.com/LeviCrypto99/lts/main/version.json local=4.0.0 required=4.0.0
[2026-03-15 13:26:57] Preflight OK.
[2026-03-15 13:36:29] Launcher main entry.
[2026-03-15 13:36:29] Program icon applied from tray icon source: C:\Users\dudfh\PycharmProjects\LeviaAutoTradeSystem\image\login_page\logo2.png
[2026-03-15 13:36:29] Update info: url=https://raw.githubusercontent.com/LeviCrypto99/lts/main/version.json local=4.0.0 required=4.0.0
[2026-03-15 13:36:29] Preflight OK.
[2026-03-15 13:38:51] Launcher main entry.
[2026-03-15 13:38:51] Program icon applied from tray icon source: C:\Users\dudfh\PycharmProjects\LeviaAutoTradeSystem\image\login_page\logo2.png
[2026-03-15 13:38:51] Update info: url=https://raw.githubusercontent.com/LeviCrypto99/lts/main/version.json local=4.0.0 required=4.0.0
[2026-03-15 13:38:51] Preflight OK.
[2026-03-15 13:40:53] Launcher main entry.
[2026-03-15 13:40:53] Program icon applied from tray icon source: C:\Users\dudfh\PycharmProjects\LeviaAutoTradeSystem\image\login_page\logo2.png
[2026-03-15 13:40:53] Update info: url=https://raw.githubusercontent.com/LeviCrypto99/lts/main/version.json local=4.0.0 required=4.0.0
[2026-03-15 13:40:53] Preflight OK.
[2026-03-15 15:49:52] Launcher main entry.
[2026-03-15 15:49:53] Program icon applied from tray icon source: C:\Users\dudfh\PycharmProjects\LeviaAutoTradeSystem\image\login_page\logo2.png
[2026-03-15 15:49:53] Update info: url=https://raw.githubusercontent.com/LeviCrypto99/lts/main/version.json local=4.0.0 required=4.0.0
[2026-03-15 15:49:53] Preflight OK.
