[2026-01-09 23:13:50] Update info: url=https://raw.githubusercontent.com/LeviCrypto99/lts/main/version.json local=1.5.0 required=1.5.0
[2026-01-09 23:22:46] Update info: url=https://raw.githubusercontent.com/LeviCrypto99/lts/main/version.json local=1.5.0 required=1.6.0
[2026-01-09 23:22:46] Outdated: local=1.5.0 required=1.6.0
[2026-01-09 23:22:48] Downloading updater: https://raw.githubusercontent.com/LeviCrypto99/lts/main/LTS-Updater.exe -> C:\Users\Public\Documents\ESTsoft\CreatorTemp\LTS-Updater.exe
[2026-01-09 23:22:48] Launching updater: C:\Users\Public\Documents\ESTsoft\CreatorTemp\LTS-Updater.exe --target C:\Users\csj\Desktop\자동매매\LTS V1.5.0.exe --version-url https://raw.githubusercontent.com/LeviCrypto99/lts/main/version.json --token-env LTS_UPDATE_TOKEN
[2026-01-09 23:23:07] Update info: url=https://raw.githubusercontent.com/LeviCrypto99/lts/main/version.json local=1.6.0 required=1.6.0
[2026-01-09 23:23:07] Update info: url=https://raw.githubusercontent.com/LeviCrypto99/lts/main/version.json local=1.6.0 required=1.6.0
[2026-01-12 01:27:09] Update info: url=https://raw.githubusercontent.com/LeviCrypto99/lts/main/version.json local=1.6.0 required=1.6.0
[2026-01-12 01:30:54] Update info: url=https://raw.githubusercontent.com/LeviCrypto99/lts/main/version.json local=1.6.0 required=1.6.0
[2026-01-12 01:49:59] Update info: url=https://raw.githubusercontent.com/LeviCrypto99/lts/main/version.json local=1.6.0 required=1.6.0
[2026-01-19 03:13:16] Update info: url=https://raw.githubusercontent.com/LeviCrypto99/lts/main/version.json local=1.6.0 required=1.7.0
[2026-01-19 03:13:16] Outdated: local=1.6.0 required=1.7.0
[2026-01-19 03:13:34] Downloading updater: https://raw.githubusercontent.com/LeviCrypto99/lts/main/LTS-Updater.exe -> C:\Users\Public\Documents\ESTsoft\CreatorTemp\LTS-Updater.exe
[2026-01-19 03:13:36] Launching updater: C:\Users\Public\Documents\ESTsoft\CreatorTemp\LTS-Updater.exe --target C:\Users\csj\Desktop\LTS V1.6.0.exe --version-url https://raw.githubusercontent.com/LeviCrypto99/lts/main/version.json --token-env LTS_UPDATE_TOKEN
[2026-01-19 03:14:05] Launcher main entry.
[2026-01-19 03:14:05] Update info: url=https://raw.githubusercontent.com/LeviCrypto99/lts/main/version.json local=1.7.0 required=1.7.0
[2026-01-19 03:14:05] Preflight OK.
[2026-01-19 03:16:09] Launcher main entry.
[2026-01-19 03:16:09] Update info: url=https://raw.githubusercontent.com/LeviCrypto99/lts/main/version.json local=1.7.0 required=1.7.0
[2026-01-19 03:16:09] Preflight OK.
[2026-01-19 03:19:03] Launcher main entry.
[2026-01-19 03:19:03] Update info: url=https://raw.githubusercontent.com/LeviCrypto99/lts/main/version.json local=1.7.0 required=1.7.0
[2026-01-19 03:19:03] Preflight OK.
[2026-01-19 03:21:41] Launcher main entry.
[2026-01-19 03:21:41] Update info: url=https://raw.githubusercontent.com/LeviCrypto99/lts/main/version.json local=1.7.0 required=1.7.0
[2026-01-19 03:21:41] Preflight OK.
[2026-01-19 03:26:13] Launcher main entry.
[2026-01-19 03:26:14] Update info: url=https://raw.githubusercontent.com/LeviCrypto99/lts/main/version.json local=1.7.0 required=1.7.0
[2026-01-19 03:26:14] Preflight OK.
[2026-01-19 03:34:35] Launcher main entry.
[2026-01-19 03:34:36] Update info: url=https://raw.githubusercontent.com/LeviCrypto99/lts/main/version.json local=1.7.0 required=1.8.0
[2026-01-19 03:34:36] Outdated: local=1.7.0 required=1.8.0
[2026-01-19 03:34:38] Downloading updater: https://raw.githubusercontent.com/LeviCrypto99/lts/main/LTS-Updater.exe -> C:\Users\Public\Documents\ESTsoft\CreatorTemp\LTS-Updater.exe
[2026-01-19 03:34:39] Launching updater: C:\Users\Public\Documents\ESTsoft\CreatorTemp\LTS-Updater.exe --target C:\Users\csj\Desktop\자동매매\LTS V1.7.0.exe --version-url https://raw.githubusercontent.com/LeviCrypto99/lts/main/version.json --token-env LTS_UPDATE_TOKEN
[2026-01-19 03:34:57] Launcher main entry.
[2026-01-19 03:34:58] Update info: url=https://raw.githubusercontent.com/LeviCrypto99/lts/main/version.json local=1.8.0 required=1.8.0
[2026-01-19 03:34:58] Preflight OK.
[2026-01-19 03:47:52] Launcher main entry.
[2026-01-19 03:47:52] Detected existing launcher instance; exit new launch.
[2026-01-19 03:48:00] Launcher main entry.
[2026-01-19 03:48:01] Update info: url=https://raw.githubusercontent.com/LeviCrypto99/lts/main/version.json local=1.8.0 required=1.9.0
[2026-01-19 03:48:01] Outdated: local=1.8.0 required=1.9.0
[2026-01-19 03:48:02] Downloading updater: https://raw.githubusercontent.com/LeviCrypto99/lts/main/LTS-Updater.exe -> C:\Users\Public\Documents\ESTsoft\CreatorTemp\LTS-Updater.exe
[2026-01-19 03:48:03] Updater download/launch failed:
Traceback (most recent call last):
  File "main.py", line 387, in _preflight_or_exit
  File "main.py", line 187, in _download_and_run_updater
  File "main.py", line 172, in _download_file
PermissionError: [Errno 13] Permission denied: 'C:\\Users\\Public\\Documents\\ESTsoft\\CreatorTemp\\LTS-Updater.exe'

[2026-01-19 03:48:24] Launcher main entry.
[2026-01-19 03:48:24] Update info: url=https://raw.githubusercontent.com/LeviCrypto99/lts/main/version.json local=1.8.0 required=1.9.0
[2026-01-19 03:48:24] Outdated: local=1.8.0 required=1.9.0
[2026-01-19 03:48:25] Downloading updater: https://raw.githubusercontent.com/LeviCrypto99/lts/main/LTS-Updater.exe -> C:\Users\Public\Documents\ESTsoft\CreatorTemp\LTS-Updater.exe
[2026-01-19 03:48:25] Updater download/launch failed:
Traceback (most recent call last):
  File "main.py", line 387, in _preflight_or_exit
  File "main.py", line 187, in _download_and_run_updater
  File "main.py", line 172, in _download_file
PermissionError: [Errno 13] Permission denied: 'C:\\Users\\Public\\Documents\\ESTsoft\\CreatorTemp\\LTS-Updater.exe'

[2026-01-19 03:49:31] Launcher main entry.
[2026-01-19 03:49:31] Update info: url=https://raw.githubusercontent.com/LeviCrypto99/lts/main/version.json local=1.8.0 required=1.9.0
[2026-01-19 03:49:31] Outdated: local=1.8.0 required=1.9.0
[2026-01-19 03:49:32] Downloading updater: https://raw.githubusercontent.com/LeviCrypto99/lts/main/LTS-Updater.exe -> C:\Users\Public\Documents\ESTsoft\CreatorTemp\LTS-Updater.exe
[2026-01-19 03:49:32] Updater download/launch failed:
Traceback (most recent call last):
  File "main.py", line 387, in _preflight_or_exit
  File "main.py", line 187, in _download_and_run_updater
  File "main.py", line 172, in _download_file
PermissionError: [Errno 13] Permission denied: 'C:\\Users\\Public\\Documents\\ESTsoft\\CreatorTemp\\LTS-Updater.exe'

[2026-01-19 03:49:44] Launcher main entry.
[2026-01-19 03:49:44] Update info: url=https://raw.githubusercontent.com/LeviCrypto99/lts/main/version.json local=1.8.0 required=1.9.0
[2026-01-19 03:49:44] Outdated: local=1.8.0 required=1.9.0
[2026-01-19 03:49:51] Launcher main entry.
[2026-01-19 03:49:51] Detected existing launcher instance; exit new launch.
[2026-01-19 03:50:02] Launcher main entry.
[2026-01-19 03:50:02] Detected existing launcher instance; exit new launch.
[2026-01-19 03:50:06] Downloading updater: https://raw.githubusercontent.com/LeviCrypto99/lts/main/LTS-Updater.exe -> C:\Users\Public\Documents\ESTsoft\CreatorTemp\LTS-Updater.exe
[2026-01-19 03:50:07] Launching updater: C:\Users\Public\Documents\ESTsoft\CreatorTemp\LTS-Updater.exe --target C:\Users\csj\Desktop\자동매매\LTS V1.8.0.exe --version-url https://raw.githubusercontent.com/LeviCrypto99/lts/main/version.json --token-env LTS_UPDATE_TOKEN
[2026-01-19 03:50:23] Launcher main entry.
[2026-01-19 03:50:23] Update info: url=https://raw.githubusercontent.com/LeviCrypto99/lts/main/version.json local=1.9.0 required=1.9.0
[2026-01-19 03:50:23] Preflight OK.
[2026-01-19 03:59:03] Launcher main entry.
[2026-01-19 03:59:03] Detected existing launcher instance; exit new launch.
[2026-01-22 07:58:46] Launcher main entry.
[2026-01-22 07:58:46] Update info: url=https://raw.githubusercontent.com/LeviCrypto99/lts/main/version.json local=1.9.0 required=1.9.0
[2026-01-22 07:58:46] Preflight OK.
[2026-02-06 16:58:14] Launcher main entry.
[2026-02-06 16:58:14] Update info: url=https://raw.githubusercontent.com/LeviCrypto99/lts/main/version.json local=1.9.0 required=1.9.0
[2026-02-06 16:58:14] Preflight OK.
[2026-02-06 22:41:31] Launcher main entry.
[2026-02-06 22:41:31] Update info: url=https://raw.githubusercontent.com/LeviCrypto99/lts/main/version.json local=1.9.0 required=1.9.1
[2026-02-06 22:41:31] Outdated: local=1.9.0 required=1.9.1
[2026-02-06 22:41:37] Launcher main entry.
[2026-02-06 22:41:37] Detected existing launcher instance; exit new launch.
[2026-02-06 22:42:01] Launcher main entry.
[2026-02-06 22:42:01] Detected existing launcher instance; exit new launch.
[2026-02-06 22:42:02] Downloading updater: https://raw.githubusercontent.com/LeviCrypto99/lts/main/LTS-Updater.exe -> C:\Users\Public\Documents\ESTsoft\CreatorTemp\LTS-Updater.exe
[2026-02-06 22:42:05] Launching updater: C:\Users\Public\Documents\ESTsoft\CreatorTemp\LTS-Updater.exe --target C:\Users\csj\Desktop\자동매매\LTS V1.9.0.exe --version-url https://raw.githubusercontent.com/LeviCrypto99/lts/main/version.json --token-env LTS_UPDATE_TOKEN
[2026-02-06 22:42:23] Launcher main entry.
[2026-02-06 22:42:23] Update info: url=https://raw.githubusercontent.com/LeviCrypto99/lts/main/version.json local=1.9.1 required=1.9.1
[2026-02-06 22:42:23] Preflight OK.
[2026-02-06 22:42:24] Launcher main entry.
[2026-02-06 22:42:24] Detected existing launcher instance; exit new launch.
[2026-02-10 13:30:40] Launcher main entry.
[2026-02-10 13:30:40] Update info: url=https://raw.githubusercontent.com/LeviCrypto99/lts/main/version.json local=1.9.1 required=1.9.1
[2026-02-10 13:30:40] Preflight OK.
[2026-02-10 13:36:04] Launcher main entry.
[2026-02-10 13:36:05] Update info: url=https://raw.githubusercontent.com/LeviCrypto99/lts/main/version.json local=1.9.1 required=1.9.1
[2026-02-10 13:36:05] Preflight OK.
[2026-02-10 22:43:28] Launcher main entry.
[2026-02-10 22:43:29] Update info: url=https://raw.githubusercontent.com/LeviCrypto99/lts/main/version.json local=1.9.1 required=1.9.2
[2026-02-10 22:43:29] Outdated: local=1.9.1 required=1.9.2
[2026-02-10 22:43:30] Downloading updater: https://raw.githubusercontent.com/LeviCrypto99/lts/main/LTS-Updater.exe -> C:\Users\Public\Documents\ESTsoft\CreatorTemp\LTS-Updater.exe
[2026-02-10 22:43:31] Launching updater: C:\Users\Public\Documents\ESTsoft\CreatorTemp\LTS-Updater.exe --target C:\Users\csj\Desktop\자동매매\LTS V1.9.1.exe --version-url https://raw.githubusercontent.com/LeviCrypto99/lts/main/version.json --token-env LTS_UPDATE_TOKEN
[2026-02-10 22:43:46] Launcher main entry.
[2026-02-10 22:43:46] Update info: url=https://raw.githubusercontent.com/LeviCrypto99/lts/main/version.json local=1.9.1 required=1.9.2
[2026-02-10 22:43:46] Outdated: local=1.9.1 required=1.9.2
[2026-02-10 22:43:48] Downloading updater: https://raw.githubusercontent.com/LeviCrypto99/lts/main/LTS-Updater.exe -> C:\Users\Public\Documents\ESTsoft\CreatorTemp\LTS-Updater.exe
[2026-02-10 22:43:48] Updater download/launch failed:
Traceback (most recent call last):
  File "main.py", line 387, in _preflight_or_exit
  File "main.py", line 187, in _download_and_run_updater
  File "main.py", line 172, in _download_file
PermissionError: [Errno 13] Permission denied: 'C:\\Users\\Public\\Documents\\ESTsoft\\CreatorTemp\\LTS-Updater.exe'

[2026-02-10 22:44:17] Launcher main entry.
[2026-02-10 22:44:17] Update info: url=https://raw.githubusercontent.com/LeviCrypto99/lts/main/version.json local=1.9.1 required=1.9.2
[2026-02-10 22:44:17] Outdated: local=1.9.1 required=1.9.2
[2026-02-10 22:44:18] Downloading updater: https://raw.githubusercontent.com/LeviCrypto99/lts/main/LTS-Updater.exe -> C:\Users\Public\Documents\ESTsoft\CreatorTemp\LTS-Updater.exe
[2026-02-10 22:44:18] Updater download/launch failed:
Traceback (most recent call last):
  File "main.py", line 387, in _preflight_or_exit
  File "main.py", line 187, in _download_and_run_updater
  File "main.py", line 172, in _download_file
PermissionError: [Errno 13] Permission denied: 'C:\\Users\\Public\\Documents\\ESTsoft\\CreatorTemp\\LTS-Updater.exe'

[2026-02-10 22:45:05] Launcher main entry.
[2026-02-10 22:45:05] Detected existing launcher instance; exit new launch.
[2026-02-10 22:45:33] Launcher main entry.
[2026-02-10 22:45:33] Update info: url=https://raw.githubusercontent.com/LeviCrypto99/lts/main/version.json local=1.9.1 required=1.9.2
[2026-02-10 22:45:33] Outdated: local=1.9.1 required=1.9.2
[2026-02-10 22:45:34] Downloading updater: https://raw.githubusercontent.com/LeviCrypto99/lts/main/LTS-Updater.exe -> C:\Users\Public\Documents\ESTsoft\CreatorTemp\LTS-Updater.exe
[2026-02-10 22:45:35] Launching updater: C:\Users\Public\Documents\ESTsoft\CreatorTemp\LTS-Updater.exe --target C:\Users\csj\Desktop\자동매매\LTS V1.9.1.exe --version-url https://raw.githubusercontent.com/LeviCrypto99/lts/main/version.json --token-env LTS_UPDATE_TOKEN
[2026-02-10 22:47:25] Launcher main entry.
[2026-02-10 22:47:25] Update info: url=https://raw.githubusercontent.com/LeviCrypto99/lts/main/version.json local=1.9.1 required=1.9.2
[2026-02-10 22:47:25] Outdated: local=1.9.1 required=1.9.2
[2026-02-10 22:47:26] Downloading updater: https://raw.githubusercontent.com/LeviCrypto99/lts/main/LTS-Updater.exe -> C:\Users\Public\Documents\ESTsoft\CreatorTemp\LTS-Updater.exe
[2026-02-10 22:47:27] Launching updater: C:\Users\Public\Documents\ESTsoft\CreatorTemp\LTS-Updater.exe --target C:\Users\csj\Desktop\자동매매\LTS V1.9.1.exe --version-url https://raw.githubusercontent.com/LeviCrypto99/lts/main/version.json --token-env LTS_UPDATE_TOKEN
[2026-02-10 22:49:59] Launcher main entry.
[2026-02-10 22:49:59] Update info: url=https://raw.githubusercontent.com/LeviCrypto99/lts/main/version.json local=1.9.1 required=1.9.2
[2026-02-10 22:49:59] Outdated: local=1.9.1 required=1.9.2
[2026-02-10 22:50:00] Downloading updater: https://raw.githubusercontent.com/LeviCrypto99/lts/main/LTS-Updater.exe -> C:\Users\Public\Documents\ESTsoft\CreatorTemp\LTS-Updater.exe
[2026-02-10 22:50:00] Launching updater: C:\Users\Public\Documents\ESTsoft\CreatorTemp\LTS-Updater.exe --target C:\Users\csj\Desktop\자동매매\LTS V1.9.1.exe --version-url https://raw.githubusercontent.com/LeviCrypto99/lts/main/version.json --token-env LTS_UPDATE_TOKEN
[2026-02-10 22:50:59] Update info: url=https://raw.githubusercontent.com/LeviCrypto99/lts/main/version.json local=1.6.0 required=1.9.2
[2026-02-10 22:50:59] Outdated: local=1.6.0 required=1.9.2
[2026-02-10 22:51:00] Downloading updater: https://raw.githubusercontent.com/LeviCrypto99/lts/main/LTS-Updater.exe -> C:\Users\Public\Documents\ESTsoft\CreatorTemp\LTS-Updater.exe
[2026-02-10 22:51:00] Launching updater: C:\Users\Public\Documents\ESTsoft\CreatorTemp\LTS-Updater.exe --target C:\Users\csj\Downloads\Telegram Desktop\LTS V1.6.0.exe --version-url https://raw.githubusercontent.com/LeviCrypto99/lts/main/version.json --token-env LTS_UPDATE_TOKEN
[2026-02-10 23:03:29] Launcher main entry.
[2026-02-10 23:03:29] Update info: url=https://raw.githubusercontent.com/LeviCrypto99/lts/main/version.json local=1.9.1 required=1.9.2
[2026-02-10 23:03:29] Outdated: local=1.9.1 required=1.9.2
[2026-02-10 23:03:30] Downloading updater: https://raw.githubusercontent.com/LeviCrypto99/lts/main/LTS-Updater.exe -> C:\Users\Public\Documents\ESTsoft\CreatorTemp\LTS-Updater.exe
[2026-02-10 23:03:31] Launching updater: C:\Users\Public\Documents\ESTsoft\CreatorTemp\LTS-Updater.exe --target C:\Users\csj\Desktop\자동매매\LTS V1.9.1.exe --version-url https://raw.githubusercontent.com/LeviCrypto99/lts/main/version.json --token-env LTS_UPDATE_TOKEN
[2026-02-10 23:04:22] Launcher main entry.
[2026-02-10 23:04:22] Update info: url=https://raw.githubusercontent.com/LeviCrypto99/lts/main/version.json local=1.9.1 required=1.9.2
[2026-02-10 23:04:22] Outdated: local=1.9.1 required=1.9.2
[2026-02-10 23:04:23] Downloading updater: https://raw.githubusercontent.com/LeviCrypto99/lts/main/LTS-Updater.exe -> C:\Users\Public\Documents\ESTsoft\CreatorTemp\LTS-Updater.exe
[2026-02-10 23:04:23] Updater download/launch failed:
Traceback (most recent call last):
  File "main.py", line 387, in _preflight_or_exit
  File "main.py", line 187, in _download_and_run_updater
  File "main.py", line 172, in _download_file
PermissionError: [Errno 13] Permission denied: 'C:\\Users\\Public\\Documents\\ESTsoft\\CreatorTemp\\LTS-Updater.exe'

[2026-02-10 23:04:55] Launcher main entry.
[2026-02-10 23:04:55] Update info: url=https://raw.githubusercontent.com/LeviCrypto99/lts/main/version.json local=1.9.1 required=1.9.2
[2026-02-10 23:04:55] Outdated: local=1.9.1 required=1.9.2
[2026-02-10 23:04:56] Downloading updater: https://raw.githubusercontent.com/LeviCrypto99/lts/main/LTS-Updater.exe -> C:\Users\Public\Documents\ESTsoft\CreatorTemp\LTS-Updater.exe
[2026-02-10 23:04:56] Launching updater: C:\Users\Public\Documents\ESTsoft\CreatorTemp\LTS-Updater.exe --target C:\Users\csj\Desktop\자동매매\LTS V1.9.1.exe --version-url https://raw.githubusercontent.com/LeviCrypto99/lts/main/version.json --token-env LTS_UPDATE_TOKEN
[2026-02-10 23:08:12] Launcher main entry.
[2026-02-10 23:08:12] Update info: url=https://raw.githubusercontent.com/LeviCrypto99/lts/main/version.json local=1.9.2 required=1.9.2
[2026-02-10 23:08:12] Preflight OK.
[2026-02-10 23:19:03] Launcher main entry.
[2026-02-10 23:19:03] Update info: url=https://raw.githubusercontent.com/LeviCrypto99/lts/main/version.json local=1.9.1 required=1.9.2
[2026-02-10 23:19:03] Outdated: local=1.9.1 required=1.9.2
[2026-02-10 23:19:05] Downloading updater: https://raw.githubusercontent.com/LeviCrypto99/lts/main/LTS-Updater.exe -> C:\Users\Public\Documents\ESTsoft\CreatorTemp\LTS-Updater.exe
[2026-02-10 23:19:05] Launching updater: C:\Users\Public\Documents\ESTsoft\CreatorTemp\LTS-Updater.exe --target C:\Users\csj\Desktop\자동매매\LTS V1.9.1.exe --version-url https://raw.githubusercontent.com/LeviCrypto99/lts/main/version.json --token-env LTS_UPDATE_TOKEN
[2026-02-10 23:19:15] Launcher main entry.
[2026-02-10 23:19:15] Update info: url=https://raw.githubusercontent.com/LeviCrypto99/lts/main/version.json local=1.9.2 required=1.9.2
[2026-02-10 23:19:15] Preflight OK.
[2026-02-10 23:26:19] Launcher main entry.
[2026-02-10 23:26:19] Update info: url=https://raw.githubusercontent.com/LeviCrypto99/lts/main/version.json local=1.9.2 required=1.9.3
[2026-02-10 23:26:19] Outdated: local=1.9.2 required=1.9.3
[2026-02-10 23:27:19] Downloading updater: https://raw.githubusercontent.com/LeviCrypto99/lts/main/LTS-Updater.exe -> C:\Users\Public\Documents\ESTsoft\CreatorTemp\LTS-Updater.exe
[2026-02-10 23:27:21] Updater SHA256 verified: expected=b2f2345d81471fce857a6be5eb4b1c547f1a88a7d5126075c5e8453457efb046 actual=b2f2345d81471fce857a6be5eb4b1c547f1a88a7d5126075c5e8453457efb046
[2026-02-10 23:27:21] Launching updater: C:\Users\Public\Documents\ESTsoft\CreatorTemp\LTS-Updater.exe --target C:\Users\csj\Desktop\LTS V1.9.2.exe --version-url https://raw.githubusercontent.com/LeviCrypto99/lts/main/version.json --token-env LTS_UPDATE_TOKEN --expected-sha256 85f03c32b56dde6d77d93145c0ae995211c7de42c3eada66e9633b54909342ec
[2026-02-10 23:27:35] Launcher main entry.
[2026-02-10 23:27:35] Update info: url=https://raw.githubusercontent.com/LeviCrypto99/lts/main/version.json local=1.9.3 required=1.9.3
[2026-02-10 23:27:35] Preflight OK.
