[2026-03-01 10:26:45] title_hint_panel enabled: wrapped api key prompt with translucent panel
[2026-03-01 10:26:45] secondary guide buttons initialized: lts_guidebook, binance_account_guide
[2026-03-01 10:26:45] help_button_cluster_shift applied: shift_x=60
[2026-03-01 10:26:56] login_click submitted: api_key=UXFj***6Nx3 secret_key_present=True
[2026-03-01 10:26:56] check_server_permission started: api_key=UXFj***6Nx3 timeout=8
[2026-03-01 10:26:59] check_server_permission completed: api_key=UXFj***6Nx3 result=success
[2026-03-01 10:26:59] login_click permission_result: api_key=UXFj***6Nx3 result=success
[2026-03-01 10:26:59] login_click success: api_key=UXFj***6Nx3
[2026-03-01 11:38:24] title_hint_panel enabled: wrapped api key prompt with translucent panel
[2026-03-01 11:38:24] secondary guide buttons initialized: lts_guidebook, binance_account_guide
[2026-03-01 11:38:24] help_button_cluster_shift applied: shift_x=60
[2026-03-01 11:38:30] login_click submitted: api_key=UXFj***6Nx3 secret_key_present=True
[2026-03-01 11:38:30] check_server_permission started: api_key=UXFj***6Nx3 timeout=8
[2026-03-01 11:38:33] check_server_permission completed: api_key=UXFj***6Nx3 result=success
[2026-03-01 11:38:33] login_click permission_result: api_key=UXFj***6Nx3 result=success
[2026-03-01 11:38:33] login_click success: api_key=UXFj***6Nx3
[2026-03-01 22:52:22] title_hint_panel enabled: wrapped api key prompt with translucent panel
[2026-03-01 22:52:22] secondary guide buttons initialized: lts_guidebook, binance_account_guide
[2026-03-01 22:52:22] help_button_cluster_shift applied: shift_x=60
[2026-03-01 22:52:42] login_click submitted: api_key=UXFj***6Nx3 secret_key_present=True
[2026-03-01 22:52:42] check_server_permission started: api_key=UXFj***6Nx3 timeout=8
[2026-03-01 22:52:45] check_server_permission completed: api_key=UXFj***6Nx3 result=success
[2026-03-01 22:52:45] login_click permission_result: api_key=UXFj***6Nx3 result=success
[2026-03-01 22:52:45] login_click success: api_key=UXFj***6Nx3
