[2026-03-01 10:26:41] Launcher main entry.
[2026-03-01 10:26:42] Program icon applied from tray icon source: C:\Users\dudfh\AppData\Local\Temp\_MEI293482\image\login_page\logo2.png
[2026-03-01 10:26:42] Update info: url=https://raw.githubusercontent.com/LeviCrypto99/lts/main/version.json local=2.1.5 required=2.1.5
[2026-03-01 10:26:42] Preflight OK.
[2026-03-01 11:38:20] Launcher main entry.
[2026-03-01 11:38:21] Program icon applied from tray icon source: C:\Users\dudfh\AppData\Local\Temp\_MEI273442\image\login_page\logo2.png
[2026-03-01 11:38:21] Update info: url=https://raw.githubusercontent.com/LeviCrypto99/lts/main/version.json local=2.1.6 required=2.1.5
[2026-03-01 11:38:21] Preflight OK.
[2026-03-01 22:52:18] Launcher main entry.
[2026-03-01 22:52:18] Program icon applied from tray icon source: C:\Users\dudfh\AppData\Local\Temp\_MEI209242\image\login_page\logo2.png
[2026-03-01 22:52:19] Update info: url=https://raw.githubusercontent.com/LeviCrypto99/lts/main/version.json local=2.1.7 required=2.1.5
[2026-03-01 22:52:19] Preflight OK.
[2026-03-02 07:35:40] Launcher main entry.
[2026-03-02 07:35:41] Program icon applied from tray icon source: C:\Users\dudfh\AppData\Local\Temp\_MEI195362\image\login_page\logo2.png
[2026-03-02 07:35:41] Update info: url=https://raw.githubusercontent.com/LeviCrypto99/lts/main/version.json local=2.1.8 required=2.1.8
[2026-03-02 07:35:41] Preflight OK.
[2026-03-03 04:16:04] Launcher main entry.
[2026-03-03 04:16:04] Program icon applied from tray icon source: C:\Users\dudfh\AppData\Local\Temp\_MEI339522\image\login_page\logo2.png
[2026-03-03 04:16:04] Update info: url=https://raw.githubusercontent.com/LeviCrypto99/lts/main/version.json local=3.0.0 required=2.1.8
[2026-03-03 04:16:04] Preflight OK.
[2026-03-06 13:40:14] Launcher main entry.
[2026-03-06 13:40:14] Program icon applied from tray icon source: C:\Users\dudfh\AppData\Local\Temp\_MEI165842\image\login_page\logo2.png
[2026-03-06 13:40:15] Update info: url=https://raw.githubusercontent.com/LeviCrypto99/lts/main/version.json local=3.0.1 required=3.0.1
[2026-03-06 13:40:15] Preflight OK.
[2026-03-10 12:31:50] Launcher main entry.
[2026-03-10 12:31:51] Program icon applied from tray icon source: C:\Users\dudfh\PycharmProjects\LeviaAutoTradeSystem\image\login_page\logo2.png
[2026-03-10 12:31:51] Update info: url=https://raw.githubusercontent.com/LeviCrypto99/lts/main/version.json local=3.0.1 required=3.0.1
[2026-03-10 12:31:51] Preflight OK.
[2026-03-10 13:12:21] Launcher main entry.
[2026-03-10 13:12:21] Program icon applied from tray icon source: C:\Users\dudfh\PycharmProjects\LeviaAutoTradeSystem\image\login_page\logo2.png
[2026-03-10 13:12:22] Update info: url=https://raw.githubusercontent.com/LeviCrypto99/lts/main/version.json local=3.0.1 required=3.0.1
[2026-03-10 13:12:22] Preflight OK.
[2026-03-10 13:18:13] Launcher main entry.
[2026-03-10 13:18:13] Program icon applied from tray icon source: C:\Users\dudfh\PycharmProjects\LeviaAutoTradeSystem\image\login_page\logo2.png
[2026-03-10 13:18:14] Update info: url=https://raw.githubusercontent.com/LeviCrypto99/lts/main/version.json local=3.0.1 required=3.0.1
[2026-03-10 13:18:14] Preflight OK.
[2026-03-10 13:22:19] Launcher main entry.
[2026-03-10 13:22:19] Program icon applied from tray icon source: C:\Users\dudfh\PycharmProjects\LeviaAutoTradeSystem\image\login_page\logo2.png
[2026-03-10 13:22:20] Update info: url=https://raw.githubusercontent.com/LeviCrypto99/lts/main/version.json local=3.0.1 required=3.0.1
[2026-03-10 13:22:20] Preflight OK.
[2026-03-10 13:25:38] Launcher main entry.
[2026-03-10 13:25:38] Program icon applied from tray icon source: C:\Users\dudfh\PycharmProjects\LeviaAutoTradeSystem\image\login_page\logo2.png
[2026-03-10 13:25:39] Update info: url=https://raw.githubusercontent.com/LeviCrypto99/lts/main/version.json local=3.0.1 required=3.0.1
[2026-03-10 13:25:39] Preflight OK.
[2026-03-10 13:26:02] Launcher main entry.
[2026-03-10 13:26:02] Program icon applied from tray icon source: C:\Users\dudfh\PycharmProjects\LeviaAutoTradeSystem\image\login_page\logo2.png
[2026-03-10 13:26:02] Update info: url=https://raw.githubusercontent.com/LeviCrypto99/lts/main/version.json local=3.0.1 required=3.0.1
[2026-03-10 13:26:02] Preflight OK.
[2026-03-10 15:46:38] Launcher main entry.
[2026-03-10 15:46:39] Program icon applied from tray icon source: C:\Users\dudfh\PycharmProjects\LeviaAutoTradeSystem\image\login_page\logo2.png
[2026-03-10 15:46:39] Update info: url=https://raw.githubusercontent.com/LeviCrypto99/lts/main/version.json local=3.0.1 required=3.0.1
[2026-03-10 15:46:39] Preflight OK.
[2026-03-10 16:16:43] Launcher main entry.
[2026-03-10 16:16:43] Program icon applied from tray icon source: C:\Users\dudfh\PycharmProjects\LeviaAutoTradeSystem\image\login_page\logo2.png
[2026-03-10 16:16:44] Update info: url=https://raw.githubusercontent.com/LeviCrypto99/lts/main/version.json local=3.0.1 required=3.0.1
[2026-03-10 16:16:44] Preflight OK.
[2026-03-11 10:21:33] Launcher main entry.
[2026-03-11 10:21:34] Program icon applied from tray icon source: C:\Users\dudfh\PycharmProjects\LeviaAutoTradeSystem\image\login_page\logo2.png
[2026-03-11 10:21:34] Update info: url=https://raw.githubusercontent.com/LeviCrypto99/lts/main/version.json local=3.0.1 required=3.0.1
[2026-03-11 10:21:34] Preflight OK.
[2026-03-11 11:15:38] Launcher main entry.
[2026-03-11 11:15:39] Program icon applied from tray icon source: C:\Users\dudfh\PycharmProjects\LeviaAutoTradeSystem\image\login_page\logo2.png
[2026-03-11 11:15:39] Update info: url=https://raw.githubusercontent.com/LeviCrypto99/lts/main/version.json local=3.0.1 required=3.0.1
[2026-03-11 11:15:39] Preflight OK.
[2026-03-11 11:40:46] Launcher main entry.
[2026-03-11 11:40:46] Program icon applied from tray icon source: C:\Users\dudfh\PycharmProjects\LeviaAutoTradeSystem\image\login_page\logo2.png
[2026-03-11 11:40:47] Update info: url=https://raw.githubusercontent.com/LeviCrypto99/lts/main/version.json local=3.0.1 required=3.0.1
[2026-03-11 11:40:47] Preflight OK.
[2026-03-11 11:54:58] Launcher main entry.
[2026-03-11 11:54:58] Program icon applied from tray icon source: C:\Users\dudfh\PycharmProjects\LeviaAutoTradeSystem\image\login_page\logo2.png
[2026-03-11 11:54:58] Update info: url=https://raw.githubusercontent.com/LeviCrypto99/lts/main/version.json local=3.0.1 required=3.0.1
[2026-03-11 11:54:58] Preflight OK.
[2026-03-11 12:07:52] Launcher main entry.
[2026-03-11 12:07:52] Program icon applied from tray icon source: C:\Users\dudfh\PycharmProjects\LeviaAutoTradeSystem\image\login_page\logo2.png
[2026-03-11 12:07:52] Update info: url=https://raw.githubusercontent.com/LeviCrypto99/lts/main/version.json local=3.0.1 required=3.0.1
[2026-03-11 12:07:52] Preflight OK.
[2026-03-11 12:30:19] Launcher main entry.
[2026-03-11 12:30:20] Program icon applied from tray icon source: C:\Users\dudfh\PycharmProjects\LeviaAutoTradeSystem\image\login_page\logo2.png
[2026-03-11 12:30:20] Update info: url=https://raw.githubusercontent.com/LeviCrypto99/lts/main/version.json local=3.0.1 required=3.0.1
[2026-03-11 12:30:20] Preflight OK.
[2026-03-11 12:40:52] Launcher main entry.
[2026-03-11 12:40:53] Program icon applied from tray icon source: C:\Users\dudfh\PycharmProjects\LeviaAutoTradeSystem\image\login_page\logo2.png
[2026-03-11 12:40:53] Update info: url=https://raw.githubusercontent.com/LeviCrypto99/lts/main/version.json local=3.0.1 required=3.0.1
[2026-03-11 12:40:53] Preflight OK.
[2026-03-11 12:52:37] Launcher main entry.
[2026-03-11 12:52:37] Program icon applied from tray icon source: C:\Users\dudfh\PycharmProjects\LeviaAutoTradeSystem\image\login_page\logo2.png
[2026-03-11 12:52:37] Update info: url=https://raw.githubusercontent.com/LeviCrypto99/lts/main/version.json local=3.0.1 required=3.0.1
[2026-03-11 12:52:37] Preflight OK.
[2026-03-11 12:57:41] Launcher main entry.
[2026-03-11 12:57:41] Program icon applied from tray icon source: C:\Users\dudfh\PycharmProjects\LeviaAutoTradeSystem\image\login_page\logo2.png
[2026-03-11 12:57:42] Update info: url=https://raw.githubusercontent.com/LeviCrypto99/lts/main/version.json local=3.0.1 required=3.0.1
[2026-03-11 12:57:42] Preflight OK.
[2026-03-11 13:04:10] Launcher main entry.
[2026-03-11 13:04:10] Program icon applied from tray icon source: C:\Users\dudfh\PycharmProjects\LeviaAutoTradeSystem\image\login_page\logo2.png
[2026-03-11 13:04:10] Update info: url=https://raw.githubusercontent.com/LeviCrypto99/lts/main/version.json local=3.0.1 required=3.0.1
[2026-03-11 13:04:10] Preflight OK.
[2026-03-11 13:04:34] Launcher main entry.
[2026-03-11 13:04:34] Program icon applied from tray icon source: C:\Users\dudfh\PycharmProjects\LeviaAutoTradeSystem\image\login_page\logo2.png
[2026-03-11 13:04:34] Update info: url=https://raw.githubusercontent.com/LeviCrypto99/lts/main/version.json local=3.0.1 required=3.0.1
[2026-03-11 13:04:34] Preflight OK.
[2026-03-11 13:36:32] Launcher main entry.
[2026-03-11 13:36:33] Program icon applied from tray icon source: C:\Users\dudfh\PycharmProjects\LeviaAutoTradeSystem\image\login_page\logo2.png
[2026-03-11 13:36:33] Update info: url=https://raw.githubusercontent.com/LeviCrypto99/lts/main/version.json local=3.0.1 required=3.0.1
[2026-03-11 13:36:33] Preflight OK.
[2026-03-11 13:38:08] Launcher main entry.
[2026-03-11 13:38:08] Program icon applied from tray icon source: C:\Users\dudfh\PycharmProjects\LeviaAutoTradeSystem\image\login_page\logo2.png
[2026-03-11 13:38:09] Update info: url=https://raw.githubusercontent.com/LeviCrypto99/lts/main/version.json local=3.0.1 required=3.0.1
[2026-03-11 13:38:09] Preflight OK.
[2026-03-12 00:58:21] Launcher main entry.
[2026-03-12 00:58:21] Program icon applied from tray icon source: C:\Users\dudfh\PycharmProjects\LeviaAutoTradeSystem\image\login_page\logo2.png
[2026-03-12 00:58:22] Update info: url=https://raw.githubusercontent.com/LeviCrypto99/lts/main/version.json local=3.0.1 required=3.0.1
[2026-03-12 00:58:22] Preflight OK.
[2026-03-12 01:02:10] Launcher main entry.
[2026-03-12 01:02:11] Program icon applied from tray icon source: C:\Users\dudfh\PycharmProjects\LeviaAutoTradeSystem\image\login_page\logo2.png
[2026-03-12 01:02:11] Update info: url=https://raw.githubusercontent.com/LeviCrypto99/lts/main/version.json local=3.0.1 required=3.0.1
[2026-03-12 01:02:11] Preflight OK.
[2026-03-12 01:29:45] Launcher main entry.
[2026-03-12 01:29:46] Program icon applied from tray icon source: C:\Users\dudfh\PycharmProjects\LeviaAutoTradeSystem\image\login_page\logo2.png
[2026-03-12 01:29:46] Update info: url=https://raw.githubusercontent.com/LeviCrypto99/lts/main/version.json local=3.0.1 required=3.0.1
[2026-03-12 01:29:46] Preflight OK.
[2026-03-12 01:34:50] Launcher main entry.
[2026-03-12 01:34:50] Program icon applied from tray icon source: C:\Users\dudfh\PycharmProjects\LeviaAutoTradeSystem\image\login_page\logo2.png
[2026-03-12 01:34:50] Update info: url=https://raw.githubusercontent.com/LeviCrypto99/lts/main/version.json local=3.0.1 required=3.0.1
[2026-03-12 01:34:50] Preflight OK.
[2026-03-12 01:37:41] Launcher main entry.
[2026-03-12 01:37:41] Program icon applied from tray icon source: C:\Users\dudfh\PycharmProjects\LeviaAutoTradeSystem\image\login_page\logo2.png
[2026-03-12 01:37:42] Update info: url=https://raw.githubusercontent.com/LeviCrypto99/lts/main/version.json local=3.0.1 required=3.0.1
[2026-03-12 01:37:42] Preflight OK.
[2026-03-12 01:42:42] Launcher main entry.
[2026-03-12 01:42:43] Program icon applied from tray icon source: C:\Users\dudfh\PycharmProjects\LeviaAutoTradeSystem\image\login_page\logo2.png
[2026-03-12 01:42:43] Update info: url=https://raw.githubusercontent.com/LeviCrypto99/lts/main/version.json local=3.0.1 required=3.0.1
[2026-03-12 01:42:43] Preflight OK.
[2026-03-12 01:43:31] Launcher main entry.
[2026-03-12 01:43:31] Program icon applied from tray icon source: C:\Users\dudfh\PycharmProjects\LeviaAutoTradeSystem\image\login_page\logo2.png
[2026-03-12 01:43:31] Update info: url=https://raw.githubusercontent.com/LeviCrypto99/lts/main/version.json local=3.0.1 required=3.0.1
[2026-03-12 01:43:31] Preflight OK.
[2026-03-12 01:46:11] Launcher main entry.
[2026-03-12 01:46:12] Program icon applied from tray icon source: C:\Users\dudfh\PycharmProjects\LeviaAutoTradeSystem\image\login_page\logo2.png
[2026-03-12 01:46:12] Update info: url=https://raw.githubusercontent.com/LeviCrypto99/lts/main/version.json local=3.0.1 required=3.0.1
[2026-03-12 01:46:12] Preflight OK.
[2026-03-12 01:47:50] Launcher main entry.
[2026-03-12 01:47:51] Program icon applied from tray icon source: C:\Users\dudfh\PycharmProjects\LeviaAutoTradeSystem\image\login_page\logo2.png
[2026-03-12 01:47:51] Update info: url=https://raw.githubusercontent.com/LeviCrypto99/lts/main/version.json local=3.0.1 required=3.0.1
[2026-03-12 01:47:51] Preflight OK.
[2026-03-12 04:38:30] Launcher main entry.
[2026-03-12 04:38:30] Program icon applied from tray icon source: C:\Users\dudfh\PycharmProjects\LeviaAutoTradeSystem\image\login_page\logo2.png
[2026-03-12 04:38:31] Update info: url=https://raw.githubusercontent.com/LeviCrypto99/lts/main/version.json local=3.0.1 required=3.0.1
[2026-03-12 04:38:31] Preflight OK.
[2026-03-12 07:49:52] Launcher main entry.
[2026-03-12 07:49:52] Program icon applied from tray icon source: C:\Users\dudfh\PycharmProjects\LeviaAutoTradeSystem\image\login_page\logo2.png
[2026-03-12 07:49:52] Update info: url=https://raw.githubusercontent.com/LeviCrypto99/lts/main/version.json local=3.0.1 required=3.0.1
[2026-03-12 07:49:52] Preflight OK.
[2026-03-12 07:58:05] Launcher main entry.
[2026-03-12 07:58:06] Program icon applied from tray icon source: C:\Users\dudfh\PycharmProjects\LeviaAutoTradeSystem\image\login_page\logo2.png
[2026-03-12 07:58:06] Update info: url=https://raw.githubusercontent.com/LeviCrypto99/lts/main/version.json local=3.0.1 required=3.0.1
[2026-03-12 07:58:06] Preflight OK.
[2026-03-12 08:02:06] Launcher main entry.
[2026-03-12 08:02:06] Program icon applied from tray icon source: C:\Users\dudfh\PycharmProjects\LeviaAutoTradeSystem\image\login_page\logo2.png
[2026-03-12 08:02:06] Update info: url=https://raw.githubusercontent.com/LeviCrypto99/lts/main/version.json local=3.0.1 required=3.0.1
[2026-03-12 08:02:06] Preflight OK.
[2026-03-12 08:04:42] Launcher main entry.
[2026-03-12 08:04:43] Program icon applied from tray icon source: C:\Users\dudfh\PycharmProjects\LeviaAutoTradeSystem\image\login_page\logo2.png
[2026-03-12 08:04:43] Update info: url=https://raw.githubusercontent.com/LeviCrypto99/lts/main/version.json local=3.0.1 required=3.0.1
[2026-03-12 08:04:43] Preflight OK.
[2026-03-12 11:35:57] Launcher main entry.
[2026-03-12 11:35:57] Program icon applied from tray icon source: C:\Users\dudfh\PycharmProjects\LeviaAutoTradeSystem\image\login_page\logo2.png
[2026-03-12 11:35:58] Update info: url=https://raw.githubusercontent.com/LeviCrypto99/lts/main/version.json local=3.0.1 required=3.0.1
[2026-03-12 11:35:58] Preflight OK.
[2026-03-12 11:37:32] Launcher main entry.
[2026-03-12 11:37:33] Program icon applied from tray icon source: C:\Users\dudfh\PycharmProjects\LeviaAutoTradeSystem\image\login_page\logo2.png
[2026-03-12 11:37:33] Update info: url=https://raw.githubusercontent.com/LeviCrypto99/lts/main/version.json local=3.0.1 required=3.0.1
[2026-03-12 11:37:33] Preflight OK.
[2026-03-12 13:33:26] Launcher main entry.
[2026-03-12 13:33:26] Program icon applied from tray icon source: C:\Users\dudfh\PycharmProjects\LeviaAutoTradeSystem\image\login_page\logo2.png
[2026-03-12 13:33:27] Update info: url=https://raw.githubusercontent.com/LeviCrypto99/lts/main/version.json local=3.0.1 required=3.0.1
[2026-03-12 13:33:27] Preflight OK.
[2026-03-12 14:10:01] Launcher main entry.
[2026-03-12 14:10:01] Program icon applied from tray icon source: C:\Users\dudfh\PycharmProjects\LeviaAutoTradeSystem\image\login_page\logo2.png
[2026-03-12 14:10:02] Update info: url=https://raw.githubusercontent.com/LeviCrypto99/lts/main/version.json local=3.0.1 required=3.0.1
[2026-03-12 14:10:02] Preflight OK.
[2026-03-12 14:14:31] Launcher main entry.
[2026-03-12 14:14:31] Program icon applied from tray icon source: C:\Users\dudfh\PycharmProjects\LeviaAutoTradeSystem\image\login_page\logo2.png
[2026-03-12 14:14:31] Update info: url=https://raw.githubusercontent.com/LeviCrypto99/lts/main/version.json local=3.0.1 required=3.0.1
[2026-03-12 14:14:31] Preflight OK.
[2026-03-12 14:47:10] Launcher main entry.
[2026-03-12 14:47:10] Program icon applied from tray icon source: C:\Users\dudfh\PycharmProjects\LeviaAutoTradeSystem\image\login_page\logo2.png
[2026-03-12 14:47:11] Update info: url=https://raw.githubusercontent.com/LeviCrypto99/lts/main/version.json local=3.0.1 required=3.0.1
[2026-03-12 14:47:11] Preflight OK.
[2026-03-12 15:28:37] Launcher main entry.
[2026-03-12 15:28:37] Program icon applied from tray icon source: C:\Users\dudfh\PycharmProjects\LeviaAutoTradeSystem\image\login_page\logo2.png
[2026-03-12 15:28:38] Update info: url=https://raw.githubusercontent.com/LeviCrypto99/lts/main/version.json local=3.0.1 required=3.0.1
[2026-03-12 15:28:38] Preflight OK.
[2026-03-12 15:32:53] Launcher main entry.
[2026-03-12 15:32:53] Program icon applied from tray icon source: C:\Users\dudfh\PycharmProjects\LeviaAutoTradeSystem\image\login_page\logo2.png
[2026-03-12 15:32:54] Update info: url=https://raw.githubusercontent.com/LeviCrypto99/lts/main/version.json local=3.0.1 required=3.0.1
[2026-03-12 15:32:54] Preflight OK.
[2026-03-12 15:36:49] Launcher main entry.
[2026-03-12 15:36:49] Program icon applied from tray icon source: C:\Users\dudfh\PycharmProjects\LeviaAutoTradeSystem\image\login_page\logo2.png
[2026-03-12 15:36:50] Update info: url=https://raw.githubusercontent.com/LeviCrypto99/lts/main/version.json local=3.0.1 required=3.0.1
[2026-03-12 15:36:50] Preflight OK.
[2026-03-13 02:06:49] Launcher main entry.
[2026-03-13 02:06:50] Program icon applied from tray icon source: C:\Users\dudfh\PycharmProjects\LeviaAutoTradeSystem\image\login_page\logo2.png
[2026-03-13 02:06:50] Update info: url=https://raw.githubusercontent.com/LeviCrypto99/lts/main/version.json local=3.0.1 required=3.0.1
[2026-03-13 02:06:50] Preflight OK.
[2026-03-13 02:15:04] Launcher main entry.
[2026-03-13 02:15:04] Program icon applied from tray icon source: C:\Users\dudfh\PycharmProjects\LeviaAutoTradeSystem\image\login_page\logo2.png
[2026-03-13 02:15:05] Update info: url=https://raw.githubusercontent.com/LeviCrypto99/lts/main/version.json local=3.0.1 required=3.0.1
[2026-03-13 02:15:05] Preflight OK.
[2026-03-13 02:16:59] Launcher main entry.
[2026-03-13 02:17:00] Program icon applied from tray icon source: C:\Users\dudfh\PycharmProjects\LeviaAutoTradeSystem\image\login_page\logo2.png
[2026-03-13 02:17:00] Update info: url=https://raw.githubusercontent.com/LeviCrypto99/lts/main/version.json local=3.0.1 required=3.0.1
[2026-03-13 02:17:00] Preflight OK.
[2026-03-13 04:26:05] Launcher main entry.
[2026-03-13 04:26:05] Program icon applied from tray icon source: C:\Users\dudfh\PycharmProjects\LeviaAutoTradeSystem\image\login_page\logo2.png
[2026-03-13 04:26:05] Update info: url=https://raw.githubusercontent.com/LeviCrypto99/lts/main/version.json local=3.0.1 required=3.0.1
[2026-03-13 04:26:05] Preflight OK.
[2026-03-13 11:12:14] Launcher main entry.
[2026-03-13 11:12:14] Program icon applied from tray icon source: C:\Users\dudfh\PycharmProjects\LeviaAutoTradeSystem\image\login_page\logo2.png
[2026-03-13 11:12:15] Update info: url=https://raw.githubusercontent.com/LeviCrypto99/lts/main/version.json local=3.0.1 required=3.0.1
[2026-03-13 11:12:15] Preflight OK.
[2026-03-13 11:17:28] Launcher main entry.
[2026-03-13 11:17:28] Program icon applied from tray icon source: C:\Users\dudfh\PycharmProjects\LeviaAutoTradeSystem\image\login_page\logo2.png
[2026-03-13 11:17:28] Update info: url=https://raw.githubusercontent.com/LeviCrypto99/lts/main/version.json local=3.0.1 required=3.0.1
[2026-03-13 11:17:28] Preflight OK.
[2026-03-13 11:22:22] Launcher main entry.
[2026-03-13 11:22:22] Program icon applied from tray icon source: C:\Users\dudfh\PycharmProjects\LeviaAutoTradeSystem\image\login_page\logo2.png
[2026-03-13 11:22:22] Update info: url=https://raw.githubusercontent.com/LeviCrypto99/lts/main/version.json local=3.0.1 required=3.0.1
[2026-03-13 11:22:22] Preflight OK.
[2026-03-13 11:24:50] Launcher main entry.
[2026-03-13 11:24:51] Program icon applied from tray icon source: C:\Users\dudfh\PycharmProjects\LeviaAutoTradeSystem\image\login_page\logo2.png
[2026-03-13 11:24:51] Update info: url=https://raw.githubusercontent.com/LeviCrypto99/lts/main/version.json local=3.0.1 required=3.0.1
[2026-03-13 11:24:51] Preflight OK.
[2026-03-13 11:29:34] Launcher main entry.
[2026-03-13 11:29:35] Program icon applied from tray icon source: C:\Users\dudfh\PycharmProjects\LeviaAutoTradeSystem\image\login_page\logo2.png
[2026-03-13 11:29:35] Update info: url=https://raw.githubusercontent.com/LeviCrypto99/lts/main/version.json local=3.0.1 required=3.0.1
[2026-03-13 11:29:35] Preflight OK.
[2026-03-13 11:34:46] Launcher main entry.
[2026-03-13 11:34:46] Program icon applied from tray icon source: C:\Users\dudfh\PycharmProjects\LeviaAutoTradeSystem\image\login_page\logo2.png
[2026-03-13 11:34:47] Update info: url=https://raw.githubusercontent.com/LeviCrypto99/lts/main/version.json local=3.0.1 required=3.0.1
[2026-03-13 11:34:47] Preflight OK.
[2026-03-13 11:37:21] Launcher main entry.
[2026-03-13 11:37:22] Program icon applied from tray icon source: C:\Users\dudfh\PycharmProjects\LeviaAutoTradeSystem\image\login_page\logo2.png
[2026-03-13 11:37:22] Update info: url=https://raw.githubusercontent.com/LeviCrypto99/lts/main/version.json local=3.0.1 required=3.0.1
[2026-03-13 11:37:22] Preflight OK.
[2026-03-13 12:39:08] Launcher main entry.
[2026-03-13 12:39:08] Program icon applied from tray icon source: C:\Users\dudfh\PycharmProjects\LeviaAutoTradeSystem\image\login_page\logo2.png
[2026-03-13 12:39:09] Update info: url=https://raw.githubusercontent.com/LeviCrypto99/lts/main/version.json local=3.0.1 required=3.0.1
[2026-03-13 12:39:09] Preflight OK.
[2026-03-13 12:50:01] Launcher main entry.
[2026-03-13 12:50:01] Program icon applied from tray icon source: C:\Users\dudfh\PycharmProjects\LeviaAutoTradeSystem\image\login_page\logo2.png
[2026-03-13 12:50:01] Update info: url=https://raw.githubusercontent.com/LeviCrypto99/lts/main/version.json local=3.0.1 required=3.0.1
[2026-03-13 12:50:01] Preflight OK.
[2026-03-13 12:54:06] Launcher main entry.
[2026-03-13 12:54:06] Program icon applied from tray icon source: C:\Users\dudfh\PycharmProjects\LeviaAutoTradeSystem\image\login_page\logo2.png
[2026-03-13 12:54:06] Update info: url=https://raw.githubusercontent.com/LeviCrypto99/lts/main/version.json local=3.0.1 required=3.0.1
[2026-03-13 12:54:06] Preflight OK.
[2026-03-13 19:43:12] Launcher main entry.
[2026-03-13 19:43:12] Program icon applied from tray icon source: C:\Users\dudfh\PycharmProjects\LeviaAutoTradeSystem\image\login_page\logo2.png
[2026-03-13 19:43:13] Update info: url=https://raw.githubusercontent.com/LeviCrypto99/lts/main/version.json local=4.0.0 required=4.0.0
[2026-03-13 19:43:13] Preflight OK.
[2026-03-13 21:12:16] Launcher main entry.
[2026-03-13 21:12:17] Program icon applied from tray icon source: C:\Users\dudfh\PycharmProjects\LeviaAutoTradeSystem\image\login_page\logo2.png
[2026-03-13 21:12:17] Update info: url=https://raw.githubusercontent.com/LeviCrypto99/lts/main/version.json local=4.0.0 required=4.0.0
[2026-03-13 21:12:17] Preflight OK.
[2026-03-13 21:15:12] Launcher main entry.
[2026-03-13 21:15:12] Program icon applied from tray icon source: C:\Users\dudfh\PycharmProjects\LeviaAutoTradeSystem\image\login_page\logo2.png
[2026-03-13 21:15:12] Update info: url=https://raw.githubusercontent.com/LeviCrypto99/lts/main/version.json local=4.0.0 required=4.0.0
[2026-03-13 21:15:12] Preflight OK.
[2026-03-13 21:51:03] Launcher main entry.
[2026-03-13 21:51:03] Program icon applied from tray icon source: C:\Users\dudfh\PycharmProjects\LeviaAutoTradeSystem\image\login_page\logo2.png
[2026-03-13 21:51:04] Update info: url=https://raw.githubusercontent.com/LeviCrypto99/lts/main/version.json local=4.0.0 required=4.0.0
[2026-03-13 21:51:04] Preflight OK.
[2026-03-13 22:08:09] Launcher main entry.
[2026-03-13 22:08:09] Program icon applied from tray icon source: C:\Users\dudfh\PycharmProjects\LeviaAutoTradeSystem\image\login_page\logo2.png
[2026-03-13 22:08:09] Update info: url=https://raw.githubusercontent.com/LeviCrypto99/lts/main/version.json local=4.0.0 required=4.0.0
[2026-03-13 22:08:09] Preflight OK.
[2026-03-13 22:08:49] Launcher main entry.
[2026-03-13 22:08:50] Program icon applied from tray icon source: C:\Users\dudfh\PycharmProjects\LeviaAutoTradeSystem\image\login_page\logo2.png
[2026-03-13 22:08:50] Update info: url=https://raw.githubusercontent.com/LeviCrypto99/lts/main/version.json local=4.0.0 required=4.0.0
[2026-03-13 22:08:50] Preflight OK.
[2026-03-14 14:27:37] Launcher main entry.
[2026-03-14 14:27:38] Program icon applied from tray icon source: C:\Users\dudfh\PycharmProjects\LeviaAutoTradeSystem\image\login_page\logo2.png
[2026-03-14 14:27:38] Update info: url=https://raw.githubusercontent.com/LeviCrypto99/lts/main/version.json local=4.0.0 required=4.0.0
[2026-03-14 14:27:38] Preflight OK.
[2026-03-14 15:10:36] Launcher main entry.
[2026-03-14 15:10:36] Program icon applied from tray icon source: C:\Users\dudfh\PycharmProjects\LeviaAutoTradeSystem\image\login_page\logo2.png
[2026-03-14 15:10:37] Update info: url=https://raw.githubusercontent.com/LeviCrypto99/lts/main/version.json local=4.0.0 required=4.0.0
[2026-03-14 15:10:37] Preflight OK.
[2026-03-14 15:28:53] Launcher main entry.
[2026-03-14 15:28:53] Program icon applied from tray icon source: C:\Users\dudfh\PycharmProjects\LeviaAutoTradeSystem\image\login_page\logo2.png
[2026-03-14 15:28:54] Update info: url=https://raw.githubusercontent.com/LeviCrypto99/lts/main/version.json local=4.0.0 required=4.0.0
[2026-03-14 15:28:54] Preflight OK.
[2026-03-14 15:35:09] Launcher main entry.
[2026-03-14 15:35:10] Program icon applied from tray icon source: C:\Users\dudfh\PycharmProjects\LeviaAutoTradeSystem\image\login_page\logo2.png
[2026-03-14 15:35:10] Update info: url=https://raw.githubusercontent.com/LeviCrypto99/lts/main/version.json local=4.0.0 required=4.0.0
[2026-03-14 15:35:10] Preflight OK.
[2026-03-14 15:40:57] Launcher main entry.
[2026-03-14 15:40:58] Program icon applied from tray icon source: C:\Users\dudfh\PycharmProjects\LeviaAutoTradeSystem\image\login_page\logo2.png
[2026-03-14 15:40:58] Update info: url=https://raw.githubusercontent.com/LeviCrypto99/lts/main/version.json local=4.0.0 required=4.0.0
[2026-03-14 15:40:58] Preflight OK.
[2026-03-15 06:54:01] Launcher main entry.
[2026-03-15 06:54:01] Program icon applied from tray icon source: C:\Users\dudfh\PycharmProjects\LeviaAutoTradeSystem\image\login_page\logo2.png
[2026-03-15 06:54:01] Update info: url=https://raw.githubusercontent.com/LeviCrypto99/lts/main/version.json local=4.0.0 required=4.0.0
[2026-03-15 06:54:01] Preflight OK.
[2026-03-15 11:58:40] Launcher main entry.
[2026-03-15 11:58:40] Program icon applied from tray icon source: C:\Users\dudfh\PycharmProjects\LeviaAutoTradeSystem\image\login_page\logo2.png
[2026-03-15 11:58:40] Update info: url=https://raw.githubusercontent.com/LeviCrypto99/lts/main/version.json local=4.0.0 required=4.0.0
[2026-03-15 11:58:40] Preflight OK.
[2026-03-15 12:06:57] Launcher main entry.
[2026-03-15 12:06:57] Program icon applied from tray icon source: C:\Users\dudfh\PycharmProjects\LeviaAutoTradeSystem\image\login_page\logo2.png
[2026-03-15 12:06:57] Update info: url=https://raw.githubusercontent.com/LeviCrypto99/lts/main/version.json local=4.0.0 required=4.0.0
[2026-03-15 12:06:57] Preflight OK.
[2026-03-15 12:10:53] Launcher main entry.
[2026-03-15 12:10:53] Program icon applied from tray icon source: C:\Users\dudfh\PycharmProjects\LeviaAutoTradeSystem\image\login_page\logo2.png
[2026-03-15 12:10:53] Update info: url=https://raw.githubusercontent.com/LeviCrypto99/lts/main/version.json local=4.0.0 required=4.0.0
[2026-03-15 12:10:53] Preflight OK.
[2026-03-15 12:17:14] Launcher main entry.
[2026-03-15 12:17:14] Program icon applied from tray icon source: C:\Users\dudfh\PycharmProjects\LeviaAutoTradeSystem\image\login_page\logo2.png
[2026-03-15 12:17:14] Update info: url=https://raw.githubusercontent.com/LeviCrypto99/lts/main/version.json local=4.0.0 required=4.0.0
[2026-03-15 12:17:14] Preflight OK.
[2026-03-15 13:26:57] Launcher main entry.
[2026-03-15 13:26:57] Program icon applied from tray icon source: C:\Users\dudfh\PycharmProjects\LeviaAutoTradeSystem\image\login_page\logo2.png
[2026-03-15 13:26:57] Update info: url=https://raw.githubusercontent.com/LeviCrypto99/lts/main/version.json local=4.0.0 required=4.0.0
[2026-03-15 13:26:57] Preflight OK.
[2026-03-15 13:36:29] Launcher main entry.
[2026-03-15 13:36:29] Program icon applied from tray icon source: C:\Users\dudfh\PycharmProjects\LeviaAutoTradeSystem\image\login_page\logo2.png
[2026-03-15 13:36:29] Update info: url=https://raw.githubusercontent.com/LeviCrypto99/lts/main/version.json local=4.0.0 required=4.0.0
[2026-03-15 13:36:29] Preflight OK.
[2026-03-15 13:38:51] Launcher main entry.
[2026-03-15 13:38:51] Program icon applied from tray icon source: C:\Users\dudfh\PycharmProjects\LeviaAutoTradeSystem\image\login_page\logo2.png
[2026-03-15 13:38:51] Update info: url=https://raw.githubusercontent.com/LeviCrypto99/lts/main/version.json local=4.0.0 required=4.0.0
[2026-03-15 13:38:51] Preflight OK.
[2026-03-15 13:40:53] Launcher main entry.
[2026-03-15 13:40:53] Program icon applied from tray icon source: C:\Users\dudfh\PycharmProjects\LeviaAutoTradeSystem\image\login_page\logo2.png
[2026-03-15 13:40:53] Update info: url=https://raw.githubusercontent.com/LeviCrypto99/lts/main/version.json local=4.0.0 required=4.0.0
[2026-03-15 13:40:53] Preflight OK.
[2026-03-15 15:49:52] Launcher main entry.
[2026-03-15 15:49:53] Program icon applied from tray icon source: C:\Users\dudfh\PycharmProjects\LeviaAutoTradeSystem\image\login_page\logo2.png
[2026-03-15 15:49:53] Update info: url=https://raw.githubusercontent.com/LeviCrypto99/lts/main/version.json local=4.0.0 required=4.0.0
[2026-03-15 15:49:53] Preflight OK.
[2026-03-15 19:26:21] Launcher main entry.
[2026-03-15 19:26:21] Program icon applied from tray icon source: C:\Users\dudfh\PycharmProjects\LeviaAutoTradeSystem\image\login_page\logo2.png
[2026-03-15 19:26:22] Update info: url=https://raw.githubusercontent.com/LeviCrypto99/lts/main/version.json local=5.0.0 required=5.0.0
[2026-03-15 19:26:22] Preflight OK.
[2026-03-15 19:36:26] Launcher main entry.
[2026-03-15 19:36:26] Single-instance activation event ready.
[2026-03-15 19:36:27] Program icon applied from tray icon source: C:\Users\dudfh\PycharmProjects\LeviaAutoTradeSystem\image\login_page\logo2.png
[2026-03-15 19:36:27] Update info: url=https://raw.githubusercontent.com/LeviCrypto99/lts/main/version.json local=5.0.0 required=5.0.0
[2026-03-15 19:36:27] Preflight OK.
[2026-03-15 19:42:05] Launcher main entry.
[2026-03-15 19:42:05] Existing launcher activation signal sent: success=True
[2026-03-15 19:42:05] Detected existing launcher instance; restore_requested=True exit_new_launch=True
[2026-03-15 19:42:05] Single-instance activation signal received; restoring window.
[2026-03-15 19:43:08] Launcher main entry.
[2026-03-15 19:43:08] Single-instance activation event ready.
[2026-03-15 19:43:08] Program icon applied from tray icon source: C:\Users\dudfh\PycharmProjects\LeviaAutoTradeSystem\image\login_page\logo2.png
[2026-03-15 19:43:09] Update info: url=https://raw.githubusercontent.com/LeviCrypto99/lts/main/version.json local=5.0.0 required=5.0.0
[2026-03-15 19:43:09] Preflight OK.
[2026-03-15 19:45:24] Single-instance activation signal received; restoring window.
[2026-03-15 19:46:00] Launcher main entry.
[2026-03-15 19:46:00] Single-instance activation event ready.
[2026-03-15 19:46:01] Program icon applied from tray icon source: C:\Users\dudfh\AppData\Local\Temp\_MEI77642\image\login_page\logo2.png
[2026-03-15 19:46:01] Update info: url=https://raw.githubusercontent.com/LeviCrypto99/lts/main/version.json local=5.0.0 required=5.0.0
[2026-03-15 19:46:01] Preflight OK.
[2026-03-15 19:47:57] Launcher main entry.
[2026-03-15 19:47:57] Single-instance activation event ready.
[2026-03-15 19:47:58] Program icon applied from tray icon source: C:\Users\dudfh\AppData\Local\Temp\_MEI172882\image\login_page\logo2.png
[2026-03-15 19:47:58] Update info: url=https://raw.githubusercontent.com/LeviCrypto99/lts/main/version.json local=5.0.0 required=5.0.0
[2026-03-15 19:47:58] Preflight OK.
[2026-03-15 19:50:18] Launcher main entry.
[2026-03-15 19:50:18] Single-instance activation event ready.
[2026-03-15 19:50:19] Program icon applied from tray icon source: C:\Users\dudfh\AppData\Local\Temp\_MEI289922\image\login_page\logo2.png
[2026-03-15 19:50:19] Update info: url=https://raw.githubusercontent.com/LeviCrypto99/lts/main/version.json local=5.0.0 required=5.0.0
[2026-03-15 19:50:19] Preflight OK.
[2026-03-15 19:52:15] Launcher main entry.
[2026-03-15 19:52:15] Single-instance activation event ready.
[2026-03-15 19:52:16] Program icon applied from tray icon source: C:\Users\dudfh\AppData\Local\Temp\_MEI88242\image\login_page\logo2.png
[2026-03-15 19:52:16] Update info: url=https://raw.githubusercontent.com/LeviCrypto99/lts/main/version.json local=5.0.0 required=5.0.0
[2026-03-15 19:52:16] Preflight OK.
[2026-03-16 17:48:52] Launcher main entry.
[2026-03-16 17:48:52] Single-instance activation event ready.
[2026-03-16 17:48:53] Program icon applied from tray icon source: C:\Users\dudfh\PycharmProjects\LeviaAutoTradeSystem\image\login_page\logo2.png
[2026-03-16 17:48:53] Update info: url=https://raw.githubusercontent.com/LeviCrypto99/lts/main/version.json local=5.0.0 required=5.0.0
[2026-03-16 17:48:53] Preflight OK.
[2026-03-16 18:09:18] Launcher main entry.
[2026-03-16 18:09:18] Single-instance activation event ready.
[2026-03-16 18:09:18] Program icon applied from tray icon source: C:\Users\dudfh\PycharmProjects\LeviaAutoTradeSystem\image\login_page\logo2.png
[2026-03-16 18:09:18] Update info: url=https://raw.githubusercontent.com/LeviCrypto99/lts/main/version.json local=5.0.0 required=5.0.0
[2026-03-16 18:09:18] Preflight OK.
[2026-03-16 18:13:47] Launcher main entry.
[2026-03-16 18:13:47] Single-instance activation event ready.
[2026-03-16 18:13:47] Program icon applied from tray icon source: C:\Users\dudfh\PycharmProjects\LeviaAutoTradeSystem\image\login_page\logo2.png
[2026-03-16 18:13:47] Update info: url=https://raw.githubusercontent.com/LeviCrypto99/lts/main/version.json local=5.0.0 required=5.0.0
[2026-03-16 18:13:47] Preflight OK.
[2026-03-16 18:18:45] Launcher main entry.
[2026-03-16 18:18:45] Single-instance activation event ready.
[2026-03-16 18:18:45] Program icon applied from tray icon source: C:\Users\dudfh\PycharmProjects\LeviaAutoTradeSystem\image\login_page\logo2.png
[2026-03-16 18:18:45] Update info: url=https://raw.githubusercontent.com/LeviCrypto99/lts/main/version.json local=5.0.0 required=5.0.0
[2026-03-16 18:18:45] Preflight OK.
[2026-03-17 17:18:07] Launcher main entry.
[2026-03-17 17:18:07] Single-instance activation event ready.
[2026-03-17 17:18:07] Program icon applied from tray icon source: C:\Users\dudfh\PycharmProjects\LeviaAutoTradeSystem\image\login_page\logo2.png
[2026-03-17 17:18:08] Update info: url=https://raw.githubusercontent.com/LeviCrypto99/lts/main/version.json local=5.0.0 required=5.0.0
[2026-03-17 17:18:08] Preflight OK.
[2026-03-17 17:19:54] Launcher main entry.
[2026-03-17 17:19:54] Single-instance activation event ready.
[2026-03-17 17:19:54] Program icon applied from tray icon source: C:\Users\dudfh\PycharmProjects\LeviaAutoTradeSystem\image\login_page\logo2.png
[2026-03-17 17:19:55] Update info: url=https://raw.githubusercontent.com/LeviCrypto99/lts/main/version.json local=5.0.0 required=5.0.0
[2026-03-17 17:19:55] Preflight OK.
[2026-03-17 17:23:34] Launcher main entry.
[2026-03-17 17:23:34] Single-instance activation event ready.
[2026-03-17 17:23:35] Program icon applied from tray icon source: C:\Users\dudfh\PycharmProjects\LeviaAutoTradeSystem\image\login_page\logo2.png
[2026-03-17 17:23:35] Update info: url=https://raw.githubusercontent.com/LeviCrypto99/lts/main/version.json local=5.0.0 required=5.0.0
[2026-03-17 17:23:35] Preflight OK.
[2026-03-17 17:29:27] Launcher main entry.
[2026-03-17 17:29:27] Single-instance activation event ready.
[2026-03-17 17:29:27] Program icon applied from tray icon source: C:\Users\dudfh\PycharmProjects\LeviaAutoTradeSystem\image\login_page\logo2.png
[2026-03-17 17:29:28] Update info: url=https://raw.githubusercontent.com/LeviCrypto99/lts/main/version.json local=5.0.0 required=5.0.0
[2026-03-17 17:29:28] Preflight OK.
[2026-03-17 17:38:55] Launcher main entry.
[2026-03-17 17:38:55] Single-instance activation event ready.
[2026-03-17 17:38:55] Program icon applied from tray icon source: C:\Users\dudfh\PycharmProjects\LeviaAutoTradeSystem\image\login_page\logo2.png
[2026-03-17 17:38:56] Update info: url=https://raw.githubusercontent.com/LeviCrypto99/lts/main/version.json local=5.0.0 required=5.0.0
[2026-03-17 17:38:56] Preflight OK.
[2026-03-17 17:40:39] Launcher main entry.
[2026-03-17 17:40:39] Single-instance activation event ready.
[2026-03-17 17:40:39] Program icon applied from tray icon source: C:\Users\dudfh\PycharmProjects\LeviaAutoTradeSystem\image\login_page\logo2.png
[2026-03-17 17:40:39] Update info: url=https://raw.githubusercontent.com/LeviCrypto99/lts/main/version.json local=5.0.0 required=5.0.0
[2026-03-17 17:40:39] Preflight OK.
[2026-03-17 17:41:05] Launcher main entry.
[2026-03-17 17:41:05] Single-instance activation event ready.
[2026-03-17 17:41:05] Program icon applied from tray icon source: C:\Users\dudfh\PycharmProjects\LeviaAutoTradeSystem\image\login_page\logo2.png
[2026-03-17 17:41:05] Update info: url=https://raw.githubusercontent.com/LeviCrypto99/lts/main/version.json local=5.0.0 required=5.0.0
[2026-03-17 17:41:05] Preflight OK.
[2026-03-17 17:49:32] Launcher main entry.
[2026-03-17 17:49:32] Single-instance activation event ready.
[2026-03-17 17:49:32] Program icon applied from tray icon source: C:\Users\dudfh\PycharmProjects\LeviaAutoTradeSystem\image\login_page\logo2.png
[2026-03-17 17:49:33] Update info: url=https://raw.githubusercontent.com/LeviCrypto99/lts/main/version.json local=5.0.0 required=5.0.0
[2026-03-17 17:49:33] Preflight OK.
[2026-03-17 17:51:53] Launcher main entry.
[2026-03-17 17:51:53] Single-instance activation event ready.
[2026-03-17 17:51:54] Program icon applied from tray icon source: C:\Users\dudfh\PycharmProjects\LeviaAutoTradeSystem\image\login_page\logo2.png
[2026-03-17 17:51:54] Update info: url=https://raw.githubusercontent.com/LeviCrypto99/lts/main/version.json local=5.0.0 required=5.0.0
[2026-03-17 17:51:54] Preflight OK.
[2026-03-17 18:03:57] Launcher main entry.
[2026-03-17 18:03:57] Single-instance activation event ready.
[2026-03-17 18:03:57] Program icon applied from tray icon source: C:\Users\dudfh\PycharmProjects\LeviaAutoTradeSystem\image\login_page\logo2.png
[2026-03-17 18:03:57] Update info: url=https://raw.githubusercontent.com/LeviCrypto99/lts/main/version.json local=5.0.0 required=5.0.0
[2026-03-17 18:03:57] Preflight OK.
[2026-03-17 18:06:38] Launcher main entry.
[2026-03-17 18:06:38] Single-instance activation event ready.
[2026-03-17 18:06:38] Program icon applied from tray icon source: C:\Users\dudfh\PycharmProjects\LeviaAutoTradeSystem\image\login_page\logo2.png
[2026-03-17 18:06:38] Update info: url=https://raw.githubusercontent.com/LeviCrypto99/lts/main/version.json local=5.0.0 required=5.0.0
[2026-03-17 18:06:38] Preflight OK.
[2026-03-17 18:12:40] Launcher main entry.
[2026-03-17 18:12:40] Single-instance activation event ready.
[2026-03-17 18:12:41] Program icon applied from tray icon source: C:\Users\dudfh\PycharmProjects\LeviaAutoTradeSystem\image\login_page\logo2.png
[2026-03-17 18:12:41] Update info: url=https://raw.githubusercontent.com/LeviCrypto99/lts/main/version.json local=5.0.0 required=5.0.0
[2026-03-17 18:12:41] Preflight OK.
[2026-03-17 18:12:57] Tk callback error:
Traceback (most recent call last):
  File "C:\Users\dudfh\AppData\Local\Programs\Python\Python310\lib\tkinter\__init__.py", line 1921, in __call__
    return self.func(*args)
  File "C:\Users\dudfh\PycharmProjects\LeviaAutoTradeSystem\trade_page.py", line 980, in handle_click
    handler(event)
  File "C:\Users\dudfh\PycharmProjects\LeviaAutoTradeSystem\trade_page.py", line 1243, in _handle_execution_alert_toggle
    self._open_execution_alert_setup_window()
  File "C:\Users\dudfh\PycharmProjects\LeviaAutoTradeSystem\trade_page.py", line 1151, in _open_execution_alert_setup_window
    self._execution_alert_setup_window = ExecutionAlertSetupWindow(
  File "C:\Users\dudfh\PycharmProjects\LeviaAutoTradeSystem\trade_page.py", line 434, in __init__
    self._draw_static()
  File "C:\Users\dudfh\PycharmProjects\LeviaAutoTradeSystem\trade_page.py", line 555, in _draw_static
    fill=NOTE_COLOR,
NameError: name 'NOTE_COLOR' is not defined

[2026-03-17 18:14:33] Launcher main entry.
[2026-03-17 18:14:33] Single-instance activation event ready.
[2026-03-17 18:14:33] Program icon applied from tray icon source: C:\Users\dudfh\PycharmProjects\LeviaAutoTradeSystem\image\login_page\logo2.png
[2026-03-17 18:14:34] Update info: url=https://raw.githubusercontent.com/LeviCrypto99/lts/main/version.json local=5.0.0 required=5.0.0
[2026-03-17 18:14:34] Preflight OK.
[2026-03-17 18:14:50] Tk callback error:
Traceback (most recent call last):
  File "C:\Users\dudfh\AppData\Local\Programs\Python\Python310\lib\tkinter\__init__.py", line 1921, in __call__
    return self.func(*args)
  File "C:\Users\dudfh\PycharmProjects\LeviaAutoTradeSystem\trade_page.py", line 980, in handle_click
    handler(event)
  File "C:\Users\dudfh\PycharmProjects\LeviaAutoTradeSystem\trade_page.py", line 1243, in _handle_execution_alert_toggle
    self._open_execution_alert_setup_window()
  File "C:\Users\dudfh\PycharmProjects\LeviaAutoTradeSystem\trade_page.py", line 1151, in _open_execution_alert_setup_window
    self._execution_alert_setup_window = ExecutionAlertSetupWindow(
  File "C:\Users\dudfh\PycharmProjects\LeviaAutoTradeSystem\trade_page.py", line 434, in __init__
    self._draw_static()
  File "C:\Users\dudfh\PycharmProjects\LeviaAutoTradeSystem\trade_page.py", line 555, in _draw_static
    fill=NOTE_COLOR,
NameError: name 'NOTE_COLOR' is not defined

[2026-03-17 18:16:27] Launcher main entry.
[2026-03-17 18:16:27] Single-instance activation event ready.
[2026-03-17 18:16:27] Program icon applied from tray icon source: C:\Users\dudfh\PycharmProjects\LeviaAutoTradeSystem\image\login_page\logo2.png
[2026-03-17 18:16:27] Update info: url=https://raw.githubusercontent.com/LeviCrypto99/lts/main/version.json local=5.0.0 required=5.0.0
[2026-03-17 18:16:27] Preflight OK.
[2026-03-17 18:29:44] Launcher main entry.
[2026-03-17 18:29:44] Single-instance activation event ready.
[2026-03-17 18:29:44] Program icon applied from tray icon source: C:\Users\dudfh\PycharmProjects\LeviaAutoTradeSystem\image\login_page\logo2.png
[2026-03-17 18:29:44] Update info: url=https://raw.githubusercontent.com/LeviCrypto99/lts/main/version.json local=5.0.0 required=5.0.0
[2026-03-17 18:29:44] Preflight OK.
[2026-03-18 13:29:38] Launcher main entry.
[2026-03-18 13:29:38] Single-instance activation event ready.
[2026-03-18 13:29:38] Program icon applied from tray icon source: C:\Users\dudfh\PycharmProjects\LeviaAutoTradeSystem\image\login_page\logo2.png
[2026-03-18 13:29:39] Update info: url=https://raw.githubusercontent.com/LeviCrypto99/lts/main/version.json local=5.0.0 required=5.0.0
[2026-03-18 13:29:39] Preflight OK.
[2026-03-18 22:10:43] Launcher main entry.
[2026-03-18 22:10:43] Single-instance activation event ready.
[2026-03-18 22:10:44] Program icon applied from tray icon source: C:\Users\dudfh\PycharmProjects\LeviaAutoTradeSystem\image\login_page\logo2.png
[2026-03-18 22:10:44] Update info: url=https://raw.githubusercontent.com/LeviCrypto99/lts/main/version.json local=5.0.0 required=5.0.0
[2026-03-18 22:10:44] Preflight OK.
[2026-04-01 16:00:44] Launcher main entry.
[2026-04-01 16:00:44] Single-instance activation event ready.
[2026-04-01 16:00:45] Program icon applied from tray icon source: C:\Users\dudfh\PycharmProjects\LeviaAutoTradeSystem\image\login_page\logo2.png
[2026-04-01 16:00:46] Update info: url=https://raw.githubusercontent.com/LeviCrypto99/lts/main/version.json local=6.0.0 required=5.0.0
[2026-04-01 16:00:46] Preflight OK.
[2026-04-01 16:30:54] Launcher main entry.
[2026-04-01 16:30:54] Single-instance activation event ready.
[2026-04-01 16:30:55] Program icon applied from tray icon source: C:\Users\dudfh\PycharmProjects\LeviaAutoTradeSystem\image\login_page\logo2.png
[2026-04-01 16:30:55] Update info: url=https://raw.githubusercontent.com/LeviCrypto99/lts/main/version.json local=6.1.1 required=5.0.0
[2026-04-01 16:30:55] Preflight OK.
[2026-04-01 16:30:58] LoginPage import succeeded.
[2026-04-01 16:45:38] Launcher main entry.
[2026-04-01 16:45:38] Single-instance activation event ready.
[2026-04-01 16:45:38] Program icon applied from tray icon source: C:\Users\dudfh\AppData\Local\Temp\_MEI294522\image\login_page\logo2.png
[2026-04-01 16:45:38] Update info: url=https://raw.githubusercontent.com/LeviCrypto99/lts/main/version.json local=6.1.1 required=5.0.0
[2026-04-01 16:45:38] Preflight OK.
[2026-04-01 16:45:41] LoginPage import succeeded.
[2026-04-01 16:48:32] Launcher main entry.
[2026-04-01 16:48:32] Single-instance activation event ready.
[2026-04-01 16:48:33] Program icon applied from tray icon source: C:\Users\dudfh\AppData\Local\Temp\_MEI110602\image\login_page\logo2.png
[2026-04-01 16:48:33] Update info: url=https://raw.githubusercontent.com/LeviCrypto99/lts/main/version.json local=6.1.1 required=5.0.0
[2026-04-01 16:48:33] Preflight OK.
[2026-04-01 16:48:33] Root window visibility sync: reason=post_init state=normal viewable=True geometry=200x200+26+26 alpha=1.0
[2026-04-01 16:48:33] Root window visibility sync: reason=after_setup_ui state=normal viewable=True geometry=1328x800+296+140 alpha=1.0
[2026-04-01 16:48:33] Root window visibility sync: reason=start_sequence state=normal viewable=True geometry=1328x800+296+140 alpha=1.0
[2026-04-01 16:48:35] Root window visibility sync: reason=before_login_page state=normal viewable=True geometry=1328x800+296+140 alpha=1.0
[2026-04-01 16:48:36] LoginPage import succeeded.
[2026-04-01 16:48:38] Root window visibility sync: reason=after_login_page_pack state=normal viewable=True geometry=1328x800+296+140 alpha=1.0
[2026-04-01 16:48:38] Root window visibility sync: reason=post_login_page_200ms state=normal viewable=True geometry=1328x800+296+140 alpha=0.6425766170991238
[2026-04-01 16:49:31] Launcher main entry.
[2026-04-01 16:49:31] Single-instance activation event ready.
[2026-04-01 16:49:31] Program icon applied from tray icon source: C:\Users\dudfh\AppData\Local\Temp\_MEI249362\image\login_page\logo2.png
[2026-04-01 16:49:31] Update info: url=https://raw.githubusercontent.com/LeviCrypto99/lts/main/version.json local=6.1.1 required=5.0.0
[2026-04-01 16:49:31] Preflight OK.
[2026-04-01 16:49:31] Root window visibility sync: reason=post_init state=normal viewable=True geometry=200x200+104+104 alpha=1.0
[2026-04-01 16:49:32] Root window visibility sync: reason=after_setup_ui state=normal viewable=True geometry=1328x800+296+140 alpha=1.0
[2026-04-01 16:49:32] Root window visibility sync: reason=start_sequence state=normal viewable=True geometry=1328x800+296+140 alpha=1.0
[2026-04-01 16:49:34] Root window visibility sync: reason=before_login_page state=normal viewable=True geometry=1328x800+296+140 alpha=1.0
[2026-04-01 16:49:34] LoginPage import succeeded.
[2026-04-01 16:49:37] Root window visibility sync: reason=after_login_page_pack state=normal viewable=True geometry=1328x800+296+140 alpha=1.0
[2026-04-01 16:49:37] Root window visibility sync: reason=post_login_page_200ms state=normal viewable=True geometry=1328x800+296+140 alpha=0.6425766170991238
[2026-04-01 16:52:08] Launcher main entry.
[2026-04-01 16:52:08] Single-instance activation event ready.
[2026-04-01 16:52:08] Program icon applied from tray icon source: C:\Users\dudfh\AppData\Local\Temp\_MEI257322\image\login_page\logo2.png
[2026-04-01 16:52:09] Update info: url=https://raw.githubusercontent.com/LeviCrypto99/lts/main/version.json local=6.1.1 required=5.0.0
[2026-04-01 16:52:09] Preflight OK.
[2026-04-01 16:52:09] Root window visibility sync: reason=post_init state=normal viewable=True geometry=200x200+182+182 alpha=1.0
[2026-04-01 16:52:09] Root window visibility sync: reason=after_setup_ui state=normal viewable=True geometry=1328x800+296+140 alpha=1.0
[2026-04-01 16:52:09] Root window visibility sync: reason=start_sequence state=normal viewable=True geometry=1328x800+296+140 alpha=1.0
[2026-04-01 16:52:11] Root window visibility sync: reason=before_login_page state=normal viewable=True geometry=1328x800+296+140 alpha=1.0
[2026-04-01 16:52:12] LoginPage import succeeded.
[2026-04-01 16:52:14] Root window visibility sync: reason=after_login_page_pack state=normal viewable=True geometry=1328x800+296+140 alpha=1.0
[2026-04-01 16:52:14] Root window visibility sync: reason=post_login_page_200ms state=normal viewable=True geometry=1328x800+296+140 alpha=0.6425766170991238
[2026-04-01 16:52:24] Launcher main entry.
[2026-04-01 16:52:24] Single-instance activation event ready.
[2026-04-01 16:52:24] Program icon applied from tray icon source: C:\Users\dudfh\AppData\Local\Temp\_MEI199242\image\login_page\logo2.png
[2026-04-01 16:52:25] Update info: url=https://raw.githubusercontent.com/LeviCrypto99/lts/main/version.json local=6.1.1 required=5.0.0
[2026-04-01 16:52:25] Preflight OK.
[2026-04-01 16:52:25] Root window visibility sync: reason=post_init state=normal viewable=True geometry=200x200+26+26 alpha=1.0
[2026-04-01 16:52:25] Root window visibility sync: reason=after_setup_ui state=normal viewable=True geometry=1328x800+296+140 alpha=1.0
[2026-04-01 16:52:25] Root window visibility sync: reason=start_sequence state=normal viewable=True geometry=1328x800+296+140 alpha=1.0
[2026-04-01 16:52:27] Root window visibility sync: reason=before_login_page state=normal viewable=True geometry=1328x800+296+140 alpha=1.0
[2026-04-01 16:52:27] LoginPage import succeeded.
[2026-04-01 16:52:30] Root window visibility sync: reason=after_login_page_pack state=normal viewable=True geometry=1328x800+296+140 alpha=1.0
[2026-04-01 16:52:30] Root window visibility sync: reason=post_login_page_200ms state=normal viewable=True geometry=1328x800+296+140 alpha=0.5359672384277131
