[2026-02-21 23:34:15] Entry-order cancel fallback attempted with cached order ref: symbol=INITUSDT order_id=998877 success=True loop=stage15-cancel-entry-cached-ref
[2026-02-21 23:34:15] Entry-order cancel summary: symbol=INITUSDT snapshot_entry_count=0 attempted=1 success=1 failed_order_ids=- used_cached_ref=True loop=stage15-cancel-entry-cached-ref
[2026-02-21 23:34:15] Canceling orders by policy: symbol=BTCUSDT reason=position_qty_change_exit_only order_ids=202 loop=stage15-cancel-exit-only
[2026-02-21 23:34:15] Wallet fetch skipped: reason=single_asset_mode_not_ready
[2026-02-21 23:34:15] Auto-trade start blocked: reason=wallet_limit_warning balance=2000.00 threshold=2000.00
[2026-02-21 23:34:15] Login asset mode sync started: target=single_asset
[2026-02-21 23:34:15] Login asset mode sync applied: previous_mode=multi_asset current_mode=single_asset reason=MULTI_ASSETS_MODE_SET_OK
[2026-02-21 23:34:15] Login asset mode sync started: target=single_asset
[2026-02-21 23:34:15] Login asset mode sync skipped: reason=already_single_asset
[2026-02-21 23:34:15] Phase1 TP LIMIT order detected and kept: symbol=BLESSUSDT count=1 loop=stage15-phase1-keep-triggered-limit
[2026-02-21 23:34:15] Phase1 TP trigger order ensured: symbol=BTCUSDT mark_price=99.7 trigger=100.0 target=99.5 submitted=True
[2026-02-21 23:34:15] Phase1 TP trigger order ensured: symbol=BTCUSDT mark_price=103.0 trigger=102.5 target=103.0 submitted=True
[2026-02-21 23:34:15] Phase1 TP trigger order ensured: symbol=BTCUSDT mark_price=99.7 trigger=100.0 target=99.5 submitted=True
[2026-02-21 23:34:15] Phase1 TP trigger submit skipped by guard: symbol=BTCUSDT age_sec=0.02 target=99.5 trigger=100.0 loop=stage15-tp-guard-2
[2026-02-21 23:34:15] Phase2 breakeven TP trigger ensured: symbol=BTCUSDT mark_price=100.2 trigger=99.5 target=100.0 submitted=True
[2026-02-21 23:34:15] Phase policy stop price fallback used: symbol=RIVERUSDT order_id=98765 source=triggerPrice stop_price=19.786 loop=stage15-mdd-stop-fallback-aligned
[2026-02-21 23:34:15] Phase2 breakeven TP trigger ensured: symbol=RIVERUSDT mark_price=17.1 trigger=17.291 target=17.205 submitted=True
[2026-02-21 23:34:15] Pre-order setup rejected: reason=position_mode_unknown symbol=BTCUSDT trigger=FIRST_ENTRY loop=stage15-mode-unknown
[2026-02-21 23:34:15] Position quantity change detected: symbol=BTCUSDT previous_qty=1.0 current_qty=0.6 state=PHASE1 loop=stage15-qty-change-defer-partial-wait
[2026-02-21 23:34:15] Position quantity change exit rebuild deferred: symbol=BTCUSDT order_id=9001 order_status=PARTIALLY_FILLED executed_qty=0.4 remaining_seconds=2 reason=EXIT_PARTIAL_WAITING loop=stage15-qty-change-defer-partial-wait
[2026-02-21 23:34:15] Position quantity change baseline updated: symbol=BTCUSDT current_qty=0.6 reason=exit_partial_waiting loop=stage15-qty-change-defer-partial-wait
[2026-02-21 23:34:15] Position quantity change detected: symbol=BTCUSDT previous_qty=1.0 current_qty=0.5 state=PHASE2 loop=stage15-qty-sync
[2026-02-21 23:34:15] Exit rebuild templates collected: symbol=BTCUSDT tp_limit=True breakeven_limit=True breakeven_stop=False mdd_stop=True loop=stage15-qty-sync-template-scan
[2026-02-21 23:34:15] Canceling orders by policy: symbol=BTCUSDT reason=position_qty_change_exit_only order_ids=1,2,3 loop=stage15-qty-sync-qty-change-cancel-exit
[2026-02-21 23:34:15] Exit rebuild templates after phase policy: symbol=BTCUSDT state=PHASE2 tp_limit=False breakeven_limit=True breakeven_stop=False mdd_stop=False loop=stage15-qty-sync-exit-rebuild-phase-policy
[2026-02-21 23:34:15] Exit rebuild order result: symbol=BTCUSDT type=PHASE2_BREAKEVEN_TP_TRIGGER success=True loop=stage15-qty-sync-exit-rebuild
[2026-02-21 23:34:15] Position quantity change exit rebuild attempted: symbol=BTCUSDT success=True reason=- state=PHASE2 loop=stage15-qty-sync
[2026-02-21 23:34:15] Position quantity change detected: symbol=DYMUSDT previous_qty=2930.5 current_qty=0.0 state=PHASE1 loop=stage15-qty-zero-immediate
[2026-02-21 23:34:15] Position zero confirmation bypassed for immediate cancel: symbol=DYMUSDT previous_streak=1 state=PHASE1 loop=stage15-qty-zero-immediate
[2026-02-21 23:34:15] Position zero immediate cancel-all result: symbol=DYMUSDT success=True reason=- state=PHASE1 loop=stage15-qty-zero-immediate
[2026-02-21 23:34:15] Position quantity reconciled to zero: symbol=DYMUSDT state_reset=IDLE open_order_count=0 loop=stage15-qty-zero-immediate
[2026-02-21 23:34:15] Position quantity change detected: symbol=DYMUSDT previous_qty=2930.5 current_qty=0.0 state=PHASE1 loop=stage15-qty-zero-fallback
[2026-02-21 23:34:15] Position zero immediate cancel-all result: symbol=DYMUSDT success=False reason=network_error state=PHASE1 loop=stage15-qty-zero-fallback
[2026-02-21 23:34:15] Position quantity reconciled to zero: symbol=DYMUSDT state_reset=IDLE open_order_count=0 loop=stage15-qty-zero-fallback
[2026-02-21 23:34:15] Pre-order entry mode resolved: symbol=BTCUSDT trigger=FIRST_ENTRY mode=AGGRESSIVE source=pending_candidate loop=stage15-pre-order-aggressive
[2026-02-21 23:34:15] Pre-order target leverage resolved: symbol=BTCUSDT trigger=FIRST_ENTRY entry_mode=AGGRESSIVE target_leverage=2 loop=stage15-pre-order-aggressive
[2026-02-21 23:34:15] Pre-order entry mode resolved: symbol=BTCUSDT trigger=FIRST_ENTRY mode=CONSERVATIVE source=pending_candidate loop=stage15-pre-order-conservative
[2026-02-21 23:34:15] Pre-order target leverage resolved: symbol=BTCUSDT trigger=FIRST_ENTRY entry_mode=CONSERVATIVE target_leverage=1 loop=stage15-pre-order-conservative
[2026-02-21 23:34:15] Risk reset deferred: channel_id=-1003761851285 message_id=321 symbol=INITUSDT reason=entry_cancel_not_confirmed
[2026-02-21 23:34:15] Signal processed: channel_id=-1003761851285 message_id=321 handled=True type=RISK reason=RISK_ENTRY_ORDER_NO_POSITION failure=- symbol=INITUSDT action=CANCEL_ENTRY_AND_RESET
[2026-02-21 23:34:15] Exit rebuild templates collected: symbol=BTCUSDT tp_limit=False breakeven_limit=False breakeven_stop=False mdd_stop=False loop=recovery-exit-template-scan
[2026-02-21 23:34:16] Exit rebuild templates after phase policy: symbol=BTCUSDT state=PHASE1 tp_limit=False breakeven_limit=False breakeven_stop=False mdd_stop=False loop=recovery-exit-registration-phase-policy
[2026-02-21 23:34:16] Exit rebuild skipped: symbol=BTCUSDT reason=no_active_exit_templates state=PHASE1 loop=recovery-exit-registration
[2026-02-21 23:34:16] Recovery exit registration: symbol=BTCUSDT state=PHASE1 tp_limit=False breakeven_limit=False breakeven_stop=False mdd_stop=False result=ok reason=NO_ACTIVE_EXIT_TEMPLATES
[2026-02-21 23:34:16] Status refresh skipped: reason=single_asset_mode_not_ready
[2026-02-21 23:34:16] Safety lock signal drop applied: dropped_events=2 loop=signal-loop-safety-lock
[2026-02-21 23:34:16] TP trigger result: symbol=BLESSUSDT trigger_price=0.9547 target_price=0.95 qty=1000.0 success=False reason=EXCHANGE_REJECTED attempts=1
[2026-02-21 23:34:16] TP trigger rejected as immediate-trigger: symbol=BLESSUSDT error_code=-2021 fallback_market_exit_skipped=False
[2026-02-21 23:34:16] TP trigger reject fallback market-exit attempted: symbol=BLESSUSDT reason=EXCHANGE_REJECTED error_code=-2021 success=True loop=stage15-tp-immediate-reject
[2026-02-21 23:39:42] Entry-order cancel fallback attempted with cached order ref: symbol=INITUSDT order_id=998877 success=True loop=stage15-cancel-entry-cached-ref
[2026-02-21 23:39:42] Entry-order cancel summary: symbol=INITUSDT snapshot_entry_count=0 attempted=1 success=1 failed_order_ids=- used_cached_ref=True loop=stage15-cancel-entry-cached-ref
[2026-02-21 23:39:42] Risk reset deferred: channel_id=-1003761851285 message_id=321 symbol=INITUSDT reason=entry_cancel_not_confirmed
[2026-02-21 23:39:42] Signal processed: channel_id=-1003761851285 message_id=321 handled=True type=RISK reason=RISK_ENTRY_ORDER_NO_POSITION failure=- symbol=INITUSDT action=CANCEL_ENTRY_AND_RESET
[2026-02-21 23:39:42] Position quantity change detected: symbol=BTCUSDT previous_qty=1.0 current_qty=0.6 state=PHASE1 loop=stage15-qty-change-defer-partial-wait
[2026-02-21 23:39:42] Position quantity change exit rebuild deferred: symbol=BTCUSDT order_id=9001 order_status=PARTIALLY_FILLED executed_qty=0.4 remaining_seconds=2 reason=EXIT_PARTIAL_WAITING loop=stage15-qty-change-defer-partial-wait
[2026-02-21 23:39:42] Position quantity change baseline updated: symbol=BTCUSDT current_qty=0.6 reason=exit_partial_waiting loop=stage15-qty-change-defer-partial-wait
[2026-02-21 23:39:49] Entry-order cancel fallback attempted with cached order ref: symbol=INITUSDT order_id=998877 success=True loop=stage15-cancel-entry-cached-ref
[2026-02-21 23:39:49] Entry-order cancel summary: symbol=INITUSDT snapshot_entry_count=0 attempted=1 success=1 failed_order_ids=- used_cached_ref=True loop=stage15-cancel-entry-cached-ref
[2026-02-21 23:39:49] Canceling orders by policy: symbol=BTCUSDT reason=position_qty_change_exit_only order_ids=202 loop=stage15-cancel-exit-only
[2026-02-21 23:39:49] Wallet fetch skipped: reason=single_asset_mode_not_ready
[2026-02-21 23:39:49] Auto-trade start blocked: reason=wallet_limit_warning balance=2000.00 threshold=2000.00
[2026-02-21 23:39:49] Login asset mode sync started: target=single_asset
[2026-02-21 23:39:49] Login asset mode sync applied: previous_mode=multi_asset current_mode=single_asset reason=MULTI_ASSETS_MODE_SET_OK
[2026-02-21 23:39:49] Login asset mode sync started: target=single_asset
[2026-02-21 23:39:49] Login asset mode sync skipped: reason=already_single_asset
[2026-02-21 23:39:49] Phase1 TP LIMIT order detected and kept: symbol=BLESSUSDT count=1 loop=stage15-phase1-keep-triggered-limit
[2026-02-21 23:39:49] Phase1 TP trigger order ensured: symbol=BTCUSDT mark_price=99.7 trigger=100.0 target=99.5 submitted=True
[2026-02-21 23:39:49] Phase1 TP trigger order ensured: symbol=BTCUSDT mark_price=103.0 trigger=102.5 target=103.0 submitted=True
[2026-02-21 23:39:49] Phase1 TP trigger order ensured: symbol=BTCUSDT mark_price=99.7 trigger=100.0 target=99.5 submitted=True
[2026-02-21 23:39:49] Phase1 TP trigger submit skipped by guard: symbol=BTCUSDT age_sec=0.01 target=99.5 trigger=100.0 loop=stage15-tp-guard-2
[2026-02-21 23:39:49] Phase2 breakeven TP trigger ensured: symbol=BTCUSDT mark_price=100.2 trigger=99.5 target=100.0 submitted=True
[2026-02-21 23:39:49] Phase policy stop price fallback used: symbol=RIVERUSDT order_id=98765 source=triggerPrice stop_price=19.786 loop=stage15-mdd-stop-fallback-aligned
[2026-02-21 23:39:49] Phase2 breakeven TP trigger ensured: symbol=RIVERUSDT mark_price=17.1 trigger=17.291 target=17.205 submitted=True
[2026-02-21 23:39:49] Pre-order setup rejected: reason=position_mode_unknown symbol=BTCUSDT trigger=FIRST_ENTRY loop=stage15-mode-unknown
[2026-02-21 23:39:49] Position quantity change detected: symbol=BTCUSDT previous_qty=1.0 current_qty=0.6 state=PHASE1 loop=stage15-qty-change-defer-partial-wait
[2026-02-21 23:39:49] Position quantity change exit rebuild deferred: symbol=BTCUSDT order_id=9001 order_status=PARTIALLY_FILLED executed_qty=0.4 remaining_seconds=2 reason=EXIT_PARTIAL_WAITING loop=stage15-qty-change-defer-partial-wait
[2026-02-21 23:39:49] Position quantity change baseline updated: symbol=BTCUSDT current_qty=0.6 reason=exit_partial_waiting loop=stage15-qty-change-defer-partial-wait
[2026-02-21 23:39:50] Position quantity change detected: symbol=BTCUSDT previous_qty=1.0 current_qty=0.5 state=PHASE2 loop=stage15-qty-sync
[2026-02-21 23:39:50] Exit rebuild templates collected: symbol=BTCUSDT tp_limit=True breakeven_limit=True breakeven_stop=False mdd_stop=True loop=stage15-qty-sync-template-scan
[2026-02-21 23:39:50] Canceling orders by policy: symbol=BTCUSDT reason=position_qty_change_exit_only order_ids=1,2,3 loop=stage15-qty-sync-qty-change-cancel-exit
[2026-02-21 23:39:50] Exit rebuild templates after phase policy: symbol=BTCUSDT state=PHASE2 tp_limit=False breakeven_limit=True breakeven_stop=False mdd_stop=False loop=stage15-qty-sync-exit-rebuild-phase-policy
[2026-02-21 23:39:50] Exit rebuild order result: symbol=BTCUSDT type=PHASE2_BREAKEVEN_TP_TRIGGER success=True loop=stage15-qty-sync-exit-rebuild
[2026-02-21 23:39:50] Position quantity change exit rebuild attempted: symbol=BTCUSDT success=True reason=- state=PHASE2 loop=stage15-qty-sync
[2026-02-21 23:39:50] Position quantity change detected: symbol=DYMUSDT previous_qty=2930.5 current_qty=0.0 state=PHASE1 loop=stage15-qty-zero-immediate
[2026-02-21 23:39:50] Position zero confirmation bypassed for immediate cancel: symbol=DYMUSDT previous_streak=1 state=PHASE1 loop=stage15-qty-zero-immediate
[2026-02-21 23:39:50] Position zero immediate cancel-all result: symbol=DYMUSDT success=True reason=- state=PHASE1 loop=stage15-qty-zero-immediate
[2026-02-21 23:39:50] Position quantity reconciled to zero: symbol=DYMUSDT state_reset=IDLE open_order_count=0 loop=stage15-qty-zero-immediate
[2026-02-21 23:39:50] Position quantity change detected: symbol=DYMUSDT previous_qty=2930.5 current_qty=0.0 state=PHASE1 loop=stage15-qty-zero-fallback
[2026-02-21 23:39:50] Position zero immediate cancel-all result: symbol=DYMUSDT success=False reason=network_error state=PHASE1 loop=stage15-qty-zero-fallback
[2026-02-21 23:39:50] Position quantity reconciled to zero: symbol=DYMUSDT state_reset=IDLE open_order_count=0 loop=stage15-qty-zero-fallback
[2026-02-21 23:39:50] Pre-order entry mode resolved: symbol=BTCUSDT trigger=FIRST_ENTRY mode=AGGRESSIVE source=pending_candidate loop=stage15-pre-order-aggressive
[2026-02-21 23:39:50] Pre-order target leverage resolved: symbol=BTCUSDT trigger=FIRST_ENTRY entry_mode=AGGRESSIVE target_leverage=2 loop=stage15-pre-order-aggressive
[2026-02-21 23:39:50] Pre-order entry mode resolved: symbol=BTCUSDT trigger=FIRST_ENTRY mode=CONSERVATIVE source=pending_candidate loop=stage15-pre-order-conservative
[2026-02-21 23:39:50] Pre-order target leverage resolved: symbol=BTCUSDT trigger=FIRST_ENTRY entry_mode=CONSERVATIVE target_leverage=1 loop=stage15-pre-order-conservative
[2026-02-21 23:39:50] Risk reset deferred: channel_id=-1003761851285 message_id=321 symbol=INITUSDT reason=entry_cancel_not_confirmed
[2026-02-21 23:39:50] Signal processed: channel_id=-1003761851285 message_id=321 handled=True type=RISK reason=RISK_ENTRY_ORDER_NO_POSITION failure=- symbol=INITUSDT action=CANCEL_ENTRY_AND_RESET
[2026-02-21 23:39:50] Exit rebuild templates collected: symbol=BTCUSDT tp_limit=False breakeven_limit=False breakeven_stop=False mdd_stop=False loop=recovery-exit-template-scan
[2026-02-21 23:39:50] Exit rebuild templates after phase policy: symbol=BTCUSDT state=PHASE1 tp_limit=False breakeven_limit=False breakeven_stop=False mdd_stop=False loop=recovery-exit-registration-phase-policy
[2026-02-21 23:39:50] Exit rebuild skipped: symbol=BTCUSDT reason=no_active_exit_templates state=PHASE1 loop=recovery-exit-registration
[2026-02-21 23:39:50] Recovery exit registration: symbol=BTCUSDT state=PHASE1 tp_limit=False breakeven_limit=False breakeven_stop=False mdd_stop=False result=ok reason=NO_ACTIVE_EXIT_TEMPLATES
[2026-02-21 23:39:50] Status refresh skipped: reason=single_asset_mode_not_ready
[2026-02-21 23:39:50] Safety lock signal drop applied: dropped_events=2 loop=signal-loop-safety-lock
[2026-02-21 23:39:50] TP trigger result: symbol=BLESSUSDT trigger_price=0.9547 target_price=0.95 qty=1000.0 success=False reason=EXCHANGE_REJECTED attempts=1
[2026-02-21 23:39:50] TP trigger rejected as immediate-trigger: symbol=BLESSUSDT error_code=-2021 fallback_market_exit_skipped=False
[2026-02-21 23:39:50] TP trigger reject fallback market-exit attempted: symbol=BLESSUSDT reason=EXCHANGE_REJECTED error_code=-2021 success=True loop=stage15-tp-immediate-reject
